Starting project at C:\Users\Qiuzizhao\Desktop\Projects\SuperMe-APP\SuperMe-APP
React Compiler enabled
Starting Metro Bundler
The following packages should be updated for best compatibility with the installed expo version:
  expo@54.0.33 - expected version: ~54.0.34
  expo-image-picker@17.0.10 - expected version: ~17.0.11
  expo-linking@8.0.11 - expected version: ~8.0.12
  expo-web-browser@15.0.10 - expected version: ~15.0.11
  react-native-svg@15.15.4 - expected version: 15.12.1
Your project may not work correctly until you install the expected versions of the packages.
Waiting on http://localhost:8084
Logs for your project will appear below.
Web node_modules\expo-router\entry.js ░░░░░░░░░░░░░░░░  0.0% (0/1)
λ Bundled 1128ms node_modules\expo-router\node\render.js (1365 modules)
"shadow*" style props are deprecated. Use "boxShadow".
Web Bundled 2291ms node_modules\expo-router\entry.js (1355 modules)
Web Bundled 324ms node_modules\expo-router\entry.js (1008 modules)
 LOG  [web] Logs will appear in the browser console
λ Bundled 19ms node_modules\expo-router\node\render.js (1 module)
"shadow*" style props are deprecated. Use "boxShadow".
Web Bundled 263ms node_modules\expo-router\entry.js (1 module)
Web Bundled 29ms node_modules\expo-router\entry.js (1 module)
 LOG  [web] Logs will appear in the browser console
Web node_modules\expo-router\entry.js ░░░░░░░░░░░░░░░░  0.0% (0/1)
λ Bundled 286ms node_modules\expo-router\node\render.js (1 module)
"shadow*" style props are deprecated. Use "boxShadow".
Web Bundled 1888ms node_modules\expo-router\entry.js (1 module)
Web Bundled 28ms node_modules\expo-router\entry.js (1 module)
 LOG  [web] Logs will appear in the browser console
Web node_modules\expo-router\entry.js ░░░░░░░░░░░░░░░░  0.0% (0/1)
λ Bundled 28ms node_modules\expo-router\node\render.js (1 module)
"shadow*" style props are deprecated. Use "boxShadow".
Web Bundled 298ms node_modules\expo-router\entry.js (1 module)
Web Bundled 33ms node_modules\expo-router\entry.js (1 module)
 LOG  [web] Logs will appear in the browser console
Web node_modules\expo-router\entry.js ░░░░░░░░░░░░░░░░  0.0% (0/1)
Web Bundled 372ms node_modules\expo-router\entry.js (1 module)
λ Bundled 469ms node_modules\expo-router\node\render.js (1 module)
"shadow*" style props are deprecated. Use "boxShadow".
Web Bundled 28ms node_modules\expo-router\entry.js (1 module)
 LOG  [web] Logs will appear in the browser console
Web node_modules\expo-router\entry.js ░░░░░░░░░░░░░░░░  0.0% (0/1)
Web Bundled 444ms node_modules\expo-router\entry.js (1 module)
λ Bundled 593ms node_modules\expo-router\node\render.js (1 module)
"shadow*" style props are deprecated. Use "boxShadow".
Web Bundled 25ms node_modules\expo-router\entry.js (1 module)
 LOG  [web] Logs will appear in the browser console
Web node_modules\expo-router\entry.js ░░░░░░░░░░░░░░░░  0.0% (0/1)
Web Bundled 188ms node_modules\expo-router\entry.js (1 module)
λ Bundled 225ms node_modules\expo-router\node\render.js (1 module)
"shadow*" style props are deprecated. Use "boxShadow".
Web Bundled 28ms node_modules\expo-router\entry.js (1 module)
 LOG  [web] Logs will appear in the browser console
Web node_modules\expo-router\entry.js ░░░░░░░░░░░░░░░░  0.0% (0/1)
Web Bundled 192ms node_modules\expo-router\entry.js (1 module)
λ Bundled 216ms node_modules\expo-router\node\render.js (1 module)
"shadow*" style props are deprecated. Use "boxShadow".
Web Bundled 28ms node_modules\expo-router\entry.js (1 module)
 LOG  [web] Logs will appear in the browser console
Web node_modules\expo-router\entry.js ░░░░░░░░░░░░░░░░  0.0% (0/1)
λ Bundled 40ms node_modules\expo-router\node\render.js (1 module)
"shadow*" style props are deprecated. Use "boxShadow".
Web Bundled 507ms node_modules\expo-router\entry.js (1 module)
Web Bundled 30ms node_modules\expo-router\entry.js (1 module)
 LOG  [web] Logs will appear in the browser console
 ERROR  SyntaxError: C:\Users\Qiuzizhao\Desktop\Projects\SuperMe-APP\SuperMe-APP\src\features\FinanceDashboard.tsx: Unexpected token, expected "}" (1158:8)

  1156 |
  1157 | const styles = StyleSheet.create({
> 1158 |   header: {
       |         ^
  1159 |     paddingTop: Platform.OS === 'ios' ? 54 : spacing.xl,
  1160 |     paddingBottom: spacing.xs,
  1161 |   },
    at constructor (C:\Users\Qiuzizhao\Desktop\Projects\SuperMe-APP\SuperMe-APP\node_modules\@babel\parser\lib\index.js:365:19)
    at TypeScriptParserMixin.raise (C:\Users\Qiuzizhao\Desktop\Projects\SuperMe-APP\SuperMe-APP\node_modules\@babel\parser\lib\index.js:6599:19)
    at TypeScriptParserMixin.unexpected (C:\Users\Qiuzizhao\Desktop\Projects\SuperMe-APP\SuperMe-APP\node_modules\@babel\parser\lib\index.js:6619:16)
    at TypeScriptParserMixin.expect (C:\Users\Qiuzizhao\Desktop\Projects\SuperMe-APP\SuperMe-APP\node_modules\@babel\parser\lib\index.js:6899:12)
    at TypeScriptParserMixin.jsxParseExpressionContainer (C:\Users\Qiuzizhao\Desktop\Projects\SuperMe-APP\SuperMe-APP\node_modules\@babel\parser\lib\index.js:4637:10)
    at TypeScriptParserMixin.jsxParseElementAt (C:\Users\Qiuzizhao\Desktop\Projects\SuperMe-APP\SuperMe-APP\node_modules\@babel\parser\lib\index.js:4711:36)
    at TypeScriptParserMixin.jsxParseElement (C:\Users\Qiuzizhao\Desktop\Projects\SuperMe-APP\SuperMe-APP\node_modules\@babel\parser\lib\index.js:4749:17)
    at TypeScriptParserMixin.parseExprAtom (C:\Users\Qiuzizhao\Desktop\Projects\SuperMe-APP\SuperMe-APP\node_modules\@babel\parser\lib\index.js:4759:19)
    at TypeScriptParserMixin.parseExprSubscripts (C:\Users\Qiuzizhao\Desktop\Projects\SuperMe-APP\SuperMe-APP\node_modules\@babel\parser\lib\index.js:11081:23)
    at TypeScriptParserMixin.parseUpdate (C:\Users\Qiuzizhao\Desktop\Projects\SuperMe-APP\SuperMe-APP\node_modules\@babel\parser\lib\index.js:11066:21)
    at TypeScriptParserMixin.parseMaybeUnary (C:\Users\Qiuzizhao\Desktop\Projects\SuperMe-APP\SuperMe-APP\node_modules\@babel\parser\lib\index.js:11046:23)
    at TypeScriptParserMixin.parseMaybeUnary (C:\Users\Qiuzizhao\Desktop\Projects\SuperMe-APP\SuperMe-APP\node_modules\@babel\parser\lib\index.js:9837:18)
    at TypeScriptParserMixin.parseMaybeUnaryOrPrivate (C:\Users\Qiuzizhao\Desktop\Projects\SuperMe-APP\SuperMe-APP\node_modules\@babel\parser\lib\index.js:10899:61)
    at TypeScriptParserMixin.parseExprOps (C:\Users\Qiuzizhao\Desktop\Projects\SuperMe-APP\SuperMe-APP\node_modules\@babel\parser\lib\index.js:10904:23)
    at TypeScriptParserMixin.parseMaybeConditional (C:\Users\Qiuzizhao\Desktop\Projects\SuperMe-APP\SuperMe-APP\node_modules\@babel\parser\lib\index.js:10881:23)
    at TypeScriptParserMixin.parseMaybeAssign (C:\Users\Qiuzizhao\Desktop\Projects\SuperMe-APP\SuperMe-APP\node_modules\@babel\parser\lib\index.js:10831:21)
    at C:\Users\Qiuzizhao\Desktop\Projects\SuperMe-APP\SuperMe-APP\node_modules\@babel\parser\lib\index.js:9775:39
    at TypeScriptParserMixin.tryParse (C:\Users\Qiuzizhao\Desktop\Projects\SuperMe-APP\SuperMe-APP\node_modules\@babel\parser\lib\index.js:6907:20)
    at TypeScriptParserMixin.parseMaybeAssign (C:\Users\Qiuzizhao\Desktop\Projects\SuperMe-APP\SuperMe-APP\node_modules\@babel\parser\lib\index.js:9775:18)
    at C:\Users\Qiuzizhao\Desktop\Projects\SuperMe-APP\SuperMe-APP\node_modules\@babel\parser\lib\index.js:10800:39
    at TypeScriptParserMixin.allowInAnd (C:\Users\Qiuzizhao\Desktop\Projects\SuperMe-APP\SuperMe-APP\node_modules\@babel\parser\lib\index.js:12426:12)
    at TypeScriptParserMixin.parseMaybeAssignAllowIn (C:\Users\Qiuzizhao\Desktop\Projects\SuperMe-APP\SuperMe-APP\node_modules\@babel\parser\lib\index.js:10800:17)
    at TypeScriptParserMixin.parseMaybeAssignAllowInOrVoidPattern (C:\Users\Qiuzizhao\Desktop\Projects\SuperMe-APP\SuperMe-APP\node_modules\@babel\parser\lib\index.js:12493:17)
    at TypeScriptParserMixin.parseParenAndDistinguishExpression (C:\Users\Qiuzizhao\Desktop\Projects\SuperMe-APP\SuperMe-APP\node_modules\@babel\parser\lib\index.js:11675:28)
    at TypeScriptParserMixin.parseExprAtom (C:\Users\Qiuzizhao\Desktop\Projects\SuperMe-APP\SuperMe-APP\node_modules\@babel\parser\lib\index.js:11331:23)
    at TypeScriptParserMixin.parseExprAtom (C:\Users\Qiuzizhao\Desktop\Projects\SuperMe-APP\SuperMe-APP\node_modules\@babel\parser\lib\index.js:4764:20)
    at TypeScriptParserMixin.parseExprSubscripts (C:\Users\Qiuzizhao\Desktop\Projects\SuperMe-APP\SuperMe-APP\node_modules\@babel\parser\lib\index.js:11081:23)
    at TypeScriptParserMixin.parseUpdate (C:\Users\Qiuzizhao\Desktop\Projects\SuperMe-APP\SuperMe-APP\node_modules\@babel\parser\lib\index.js:11066:21)
    at TypeScriptParserMixin.parseMaybeUnary (C:\Users\Qiuzizhao\Desktop\Projects\SuperMe-APP\SuperMe-APP\node_modules\@babel\parser\lib\index.js:11046:23)
    at TypeScriptParserMixin.parseMaybeUnary (C:\Users\Qiuzizhao\Desktop\Projects\SuperMe-APP\SuperMe-APP\node_modules\@babel\parser\lib\index.js:9837:18)
    at TypeScriptParserMixin.parseMaybeUnaryOrPrivate (C:\Users\Qiuzizhao\Desktop\Projects\SuperMe-APP\SuperMe-APP\node_modules\@babel\parser\lib\index.js:10899:61)
    at TypeScriptParserMixin.parseExprOps (C:\Users\Qiuzizhao\Desktop\Projects\SuperMe-APP\SuperMe-APP\node_modules\@babel\parser\lib\index.js:10904:23)
    at TypeScriptParserMixin.parseMaybeConditional (C:\Users\Qiuzizhao\Desktop\Projects\SuperMe-APP\SuperMe-APP\node_modules\@babel\parser\lib\index.js:10881:23)
    at TypeScriptParserMixin.parseMaybeAssign (C:\Users\Qiuzizhao\Desktop\Projects\SuperMe-APP\SuperMe-APP\node_modules\@babel\parser\lib\index.js:10831:21)
    at TypeScriptParserMixin.parseMaybeAssign (C:\Users\Qiuzizhao\Desktop\Projects\SuperMe-APP\SuperMe-APP\node_modules\@babel\parser\lib\index.js:9786:20)
    at TypeScriptParserMixin.parseExpressionBase (C:\Users\Qiuzizhao\Desktop\Projects\SuperMe-APP\SuperMe-APP\node_modules\@babel\parser\lib\index.js:10784:23)
    at C:\Users\Qiuzizhao\Desktop\Projects\SuperMe-APP\SuperMe-APP\node_modules\@babel\parser\lib\index.js:10780:39
    at TypeScriptParserMixin.allowInAnd (C:\Users\Qiuzizhao\Desktop\Projects\SuperMe-APP\SuperMe-APP\node_modules\@babel\parser\lib\index.js:12421:16)
    at TypeScriptParserMixin.parseExpression (C:\Users\Qiuzizhao\Desktop\Projects\SuperMe-APP\SuperMe-APP\node_modules\@babel\parser\lib\index.js:10780:17)
    at TypeScriptParserMixin.parseReturnStatement (C:\Users\Qiuzizhao\Desktop\Projects\SuperMe-APP\SuperMe-APP\node_modules\@babel\parser\lib\index.js:13142:28)
    at TypeScriptParserMixin.parseStatementContent (C:\Users\Qiuzizhao\Desktop\Projects\SuperMe-APP\SuperMe-APP\node_modules\@babel\parser\lib\index.js:12798:21)
    at TypeScriptParserMixin.parseStatementContent (C:\Users\Qiuzizhao\Desktop\Projects\SuperMe-APP\SuperMe-APP\node_modules\@babel\parser\lib\index.js:9508:18)
    at TypeScriptParserMixin.parseStatementLike (C:\Users\Qiuzizhao\Desktop\Projects\SuperMe-APP\SuperMe-APP\node_modules\@babel\parser\lib\index.js:12767:17)
    at TypeScriptParserMixin.parseStatementListItem (C:\Users\Qiuzizhao\Desktop\Projects\SuperMe-APP\SuperMe-APP\node_modules\@babel\parser\lib\index.js:12747:17)
    at TypeScriptParserMixin.parseBlockOrModuleBlockBody (C:\Users\Qiuzizhao\Desktop\Projects\SuperMe-APP\SuperMe-APP\node_modules\@babel\parser\lib\index.js:13316:61)
    at TypeScriptParserMixin.parseBlockBody (C:\Users\Qiuzizhao\Desktop\Projects\SuperMe-APP\SuperMe-APP\node_modules\@babel\parser\lib\index.js:13309:10)
    at TypeScriptParserMixin.parseBlock (C:\Users\Qiuzizhao\Desktop\Projects\SuperMe-APP\SuperMe-APP\node_modules\@babel\parser\lib\index.js:13297:10)
    at TypeScriptParserMixin.parseFunctionBody (C:\Users\Qiuzizhao\Desktop\Projects\SuperMe-APP\SuperMe-APP\node_modules\@babel\parser\lib\index.js:12100:24)
    at TypeScriptParserMixin.parseFunctionBodyAndFinish (C:\Users\Qiuzizhao\Desktop\Projects\SuperMe-APP\SuperMe-APP\node_modules\@babel\parser\lib\index.js:12086:10)
    at TypeScriptParserMixin.parseFunctionBodyAndFinish (C:\Users\Qiuzizhao\Desktop\Projects\SuperMe-APP\SuperMe-APP\node_modules\@babel\parser\lib\index.js:9172:18)
Web node_modules\expo-router\entry.js ░░░░░░░░░░░░░░░░  0.0% (0/1)
Web Bundled 367ms node_modules\expo-router\entry.js (1 module)
λ Bundled 502ms node_modules\expo-router\node\render.js (1 module)
"shadow*" style props are deprecated. Use "boxShadow".
Web Bundled 29ms node_modules\expo-router\entry.js (1 module)
 LOG  [web] Logs will appear in the browser console
λ Bundled 24ms node_modules\expo-router\node\render.js (1 module)
"shadow*" style props are deprecated. Use "boxShadow".
Web Bundled 268ms node_modules\expo-router\entry.js (1 module)
 ERROR  SyntaxError: C:\Users\Qiuzizhao\Desktop\Projects\SuperMe-APP\SuperMe-APP\src\features\FinanceDashboard.tsx: Expected corresponding JSX closing tag for <Pressable>. (490:16)

  488 |                     </View>
  489 |                   ) : null}
> 490 |                 </View>
      |                 ^
  491 |               );
  492 |             })
  493 |           )}
    at constructor (C:\Users\Qiuzizhao\Desktop\Projects\SuperMe-APP\SuperMe-APP\node_modules\@babel\parser\lib\index.js:365:19)
    at TypeScriptParserMixin.raise (C:\Users\Qiuzizhao\Desktop\Projects\SuperMe-APP\SuperMe-APP\node_modules\@babel\parser\lib\index.js:6599:19)
    at TypeScriptParserMixin.jsxParseElementAt (C:\Users\Qiuzizhao\Desktop\Projects\SuperMe-APP\SuperMe-APP\node_modules\@babel\parser\lib\index.js:4727:16)
    at TypeScriptParserMixin.jsxParseElement (C:\Users\Qiuzizhao\Desktop\Projects\SuperMe-APP\SuperMe-APP\node_modules\@babel\parser\lib\index.js:4749:17)
    at TypeScriptParserMixin.parseExprAtom (C:\Users\Qiuzizhao\Desktop\Projects\SuperMe-APP\SuperMe-APP\node_modules\@babel\parser\lib\index.js:4759:19)
    at TypeScriptParserMixin.parseExprSubscripts (C:\Users\Qiuzizhao\Desktop\Projects\SuperMe-APP\SuperMe-APP\node_modules\@babel\parser\lib\index.js:11081:23)
    at TypeScriptParserMixin.parseUpdate (C:\Users\Qiuzizhao\Desktop\Projects\SuperMe-APP\SuperMe-APP\node_modules\@babel\parser\lib\index.js:11066:21)
    at TypeScriptParserMixin.parseMaybeUnary (C:\Users\Qiuzizhao\Desktop\Projects\SuperMe-APP\SuperMe-APP\node_modules\@babel\parser\lib\index.js:11046:23)
    at TypeScriptParserMixin.parseMaybeUnary (C:\Users\Qiuzizhao\Desktop\Projects\SuperMe-APP\SuperMe-APP\node_modules\@babel\parser\lib\index.js:9837:18)
    at TypeScriptParserMixin.parseMaybeUnaryOrPrivate (C:\Users\Qiuzizhao\Desktop\Projects\SuperMe-APP\SuperMe-APP\node_modules\@babel\parser\lib\index.js:10899:61)
    at TypeScriptParserMixin.parseExprOps (C:\Users\Qiuzizhao\Desktop\Projects\SuperMe-APP\SuperMe-APP\node_modules\@babel\parser\lib\index.js:10904:23)
    at TypeScriptParserMixin.parseMaybeConditional (C:\Users\Qiuzizhao\Desktop\Projects\SuperMe-APP\SuperMe-APP\node_modules\@babel\parser\lib\index.js:10881:23)
    at TypeScriptParserMixin.parseMaybeAssign (C:\Users\Qiuzizhao\Desktop\Projects\SuperMe-APP\SuperMe-APP\node_modules\@babel\parser\lib\index.js:10831:21)
    at C:\Users\Qiuzizhao\Desktop\Projects\SuperMe-APP\SuperMe-APP\node_modules\@babel\parser\lib\index.js:9775:39
    at TypeScriptParserMixin.tryParse (C:\Users\Qiuzizhao\Desktop\Projects\SuperMe-APP\SuperMe-APP\node_modules\@babel\parser\lib\index.js:6907:20)
    at TypeScriptParserMixin.parseMaybeAssign (C:\Users\Qiuzizhao\Desktop\Projects\SuperMe-APP\SuperMe-APP\node_modules\@babel\parser\lib\index.js:9775:18)
    at C:\Users\Qiuzizhao\Desktop\Projects\SuperMe-APP\SuperMe-APP\node_modules\@babel\parser\lib\index.js:10800:39
    at TypeScriptParserMixin.allowInAnd (C:\Users\Qiuzizhao\Desktop\Projects\SuperMe-APP\SuperMe-APP\node_modules\@babel\parser\lib\index.js:12426:12)
    at TypeScriptParserMixin.parseMaybeAssignAllowIn (C:\Users\Qiuzizhao\Desktop\Projects\SuperMe-APP\SuperMe-APP\node_modules\@babel\parser\lib\index.js:10800:17)
    at TypeScriptParserMixin.parseMaybeAssignAllowInOrVoidPattern (C:\Users\Qiuzizhao\Desktop\Projects\SuperMe-APP\SuperMe-APP\node_modules\@babel\parser\lib\index.js:12493:17)
    at TypeScriptParserMixin.parseParenAndDistinguishExpression (C:\Users\Qiuzizhao\Desktop\Projects\SuperMe-APP\SuperMe-APP\node_modules\@babel\parser\lib\index.js:11675:28)
    at TypeScriptParserMixin.parseExprAtom (C:\Users\Qiuzizhao\Desktop\Projects\SuperMe-APP\SuperMe-APP\node_modules\@babel\parser\lib\index.js:11331:23)
    at TypeScriptParserMixin.parseExprAtom (C:\Users\Qiuzizhao\Desktop\Projects\SuperMe-APP\SuperMe-APP\node_modules\@babel\parser\lib\index.js:4764:20)
    at TypeScriptParserMixin.parseExprSubscripts (C:\Users\Qiuzizhao\Desktop\Projects\SuperMe-APP\SuperMe-APP\node_modules\@babel\parser\lib\index.js:11081:23)
    at TypeScriptParserMixin.parseUpdate (C:\Users\Qiuzizhao\Desktop\Projects\SuperMe-APP\SuperMe-APP\node_modules\@babel\parser\lib\index.js:11066:21)
    at TypeScriptParserMixin.parseMaybeUnary (C:\Users\Qiuzizhao\Desktop\Projects\SuperMe-APP\SuperMe-APP\node_modules\@babel\parser\lib\index.js:11046:23)
    at TypeScriptParserMixin.parseMaybeUnary (C:\Users\Qiuzizhao\Desktop\Projects\SuperMe-APP\SuperMe-APP\node_modules\@babel\parser\lib\index.js:9837:18)
    at TypeScriptParserMixin.parseMaybeUnaryOrPrivate (C:\Users\Qiuzizhao\Desktop\Projects\SuperMe-APP\SuperMe-APP\node_modules\@babel\parser\lib\index.js:10899:61)
    at TypeScriptParserMixin.parseExprOps (C:\Users\Qiuzizhao\Desktop\Projects\SuperMe-APP\SuperMe-APP\node_modules\@babel\parser\lib\index.js:10904:23)
    at TypeScriptParserMixin.parseMaybeConditional (C:\Users\Qiuzizhao\Desktop\Projects\SuperMe-APP\SuperMe-APP\node_modules\@babel\parser\lib\index.js:10881:23)
    at TypeScriptParserMixin.parseMaybeAssign (C:\Users\Qiuzizhao\Desktop\Projects\SuperMe-APP\SuperMe-APP\node_modules\@babel\parser\lib\index.js:10831:21)
    at TypeScriptParserMixin.parseMaybeAssign (C:\Users\Qiuzizhao\Desktop\Projects\SuperMe-APP\SuperMe-APP\node_modules\@babel\parser\lib\index.js:9786:20)
    at TypeScriptParserMixin.parseExpressionBase (C:\Users\Qiuzizhao\Desktop\Projects\SuperMe-APP\SuperMe-APP\node_modules\@babel\parser\lib\index.js:10784:23)
    at C:\Users\Qiuzizhao\Desktop\Projects\SuperMe-APP\SuperMe-APP\node_modules\@babel\parser\lib\index.js:10780:39
    at TypeScriptParserMixin.allowInAnd (C:\Users\Qiuzizhao\Desktop\Projects\SuperMe-APP\SuperMe-APP\node_modules\@babel\parser\lib\index.js:12421:16)
    at TypeScriptParserMixin.parseExpression (C:\Users\Qiuzizhao\Desktop\Projects\SuperMe-APP\SuperMe-APP\node_modules\@babel\parser\lib\index.js:10780:17)
    at TypeScriptParserMixin.parseReturnStatement (C:\Users\Qiuzizhao\Desktop\Projects\SuperMe-APP\SuperMe-APP\node_modules\@babel\parser\lib\index.js:13142:28)
    at TypeScriptParserMixin.parseStatementContent (C:\Users\Qiuzizhao\Desktop\Projects\SuperMe-APP\SuperMe-APP\node_modules\@babel\parser\lib\index.js:12798:21)
    at TypeScriptParserMixin.parseStatementContent (C:\Users\Qiuzizhao\Desktop\Projects\SuperMe-APP\SuperMe-APP\node_modules\@babel\parser\lib\index.js:9508:18)
    at TypeScriptParserMixin.parseStatementLike (C:\Users\Qiuzizhao\Desktop\Projects\SuperMe-APP\SuperMe-APP\node_modules\@babel\parser\lib\index.js:12767:17)
    at TypeScriptParserMixin.parseStatementListItem (C:\Users\Qiuzizhao\Desktop\Projects\SuperMe-APP\SuperMe-APP\node_modules\@babel\parser\lib\index.js:12747:17)
    at TypeScriptParserMixin.parseBlockOrModuleBlockBody (C:\Users\Qiuzizhao\Desktop\Projects\SuperMe-APP\SuperMe-APP\node_modules\@babel\parser\lib\index.js:13316:61)
    at TypeScriptParserMixin.parseBlockBody (C:\Users\Qiuzizhao\Desktop\Projects\SuperMe-APP\SuperMe-APP\node_modules\@babel\parser\lib\index.js:13309:10)
    at TypeScriptParserMixin.parseBlock (C:\Users\Qiuzizhao\Desktop\Projects\SuperMe-APP\SuperMe-APP\node_modules\@babel\parser\lib\index.js:13297:10)
    at TypeScriptParserMixin.parseFunctionBody (C:\Users\Qiuzizhao\Desktop\Projects\SuperMe-APP\SuperMe-APP\node_modules\@babel\parser\lib\index.js:12100:24)
    at TypeScriptParserMixin.parseArrowExpression (C:\Users\Qiuzizhao\Desktop\Projects\SuperMe-APP\SuperMe-APP\node_modules\@babel\parser\lib\index.js:12075:10)
    at TypeScriptParserMixin.parseParenAndDistinguishExpression (C:\Users\Qiuzizhao\Desktop\Projects\SuperMe-APP\SuperMe-APP\node_modules\@babel\parser\lib\index.js:11687:12)
    at TypeScriptParserMixin.parseExprAtom (C:\Users\Qiuzizhao\Desktop\Projects\SuperMe-APP\SuperMe-APP\node_modules\@babel\parser\lib\index.js:11331:23)
    at TypeScriptParserMixin.parseExprAtom (C:\Users\Qiuzizhao\Desktop\Projects\SuperMe-APP\SuperMe-APP\node_modules\@babel\parser\lib\index.js:4764:20)
    at TypeScriptParserMixin.parseExprSubscripts (C:\Users\Qiuzizhao\Desktop\Projects\SuperMe-APP\SuperMe-APP\node_modules\@babel\parser\lib\index.js:11081:23)
 ERROR  SyntaxError: C:\Users\Qiuzizhao\Desktop\Projects\SuperMe-APP\SuperMe-APP\src\features\FinanceDashboard.tsx: Expected corresponding JSX closing tag for <Pressable>. (490:16)

  488 |                     </View>
  489 |                   ) : null}
> 490 |                 </View>
      |                 ^
  491 |               );
  492 |             })
  493 |           )}
    at constructor (C:\Users\Qiuzizhao\Desktop\Projects\SuperMe-APP\SuperMe-APP\node_modules\@babel\parser\lib\index.js:365:19)
    at TypeScriptParserMixin.raise (C:\Users\Qiuzizhao\Desktop\Projects\SuperMe-APP\SuperMe-APP\node_modules\@babel\parser\lib\index.js:6599:19)
    at TypeScriptParserMixin.jsxParseElementAt (C:\Users\Qiuzizhao\Desktop\Projects\SuperMe-APP\SuperMe-APP\node_modules\@babel\parser\lib\index.js:4727:16)
    at TypeScriptParserMixin.jsxParseElement (C:\Users\Qiuzizhao\Desktop\Projects\SuperMe-APP\SuperMe-APP\node_modules\@babel\parser\lib\index.js:4749:17)
    at TypeScriptParserMixin.parseExprAtom (C:\Users\Qiuzizhao\Desktop\Projects\SuperMe-APP\SuperMe-APP\node_modules\@babel\parser\lib\index.js:4759:19)
    at TypeScriptParserMixin.parseExprSubscripts (C:\Users\Qiuzizhao\Desktop\Projects\SuperMe-APP\SuperMe-APP\node_modules\@babel\parser\lib\index.js:11081:23)
    at TypeScriptParserMixin.parseUpdate (C:\Users\Qiuzizhao\Desktop\Projects\SuperMe-APP\SuperMe-APP\node_modules\@babel\parser\lib\index.js:11066:21)
    at TypeScriptParserMixin.parseMaybeUnary (C:\Users\Qiuzizhao\Desktop\Projects\SuperMe-APP\SuperMe-APP\node_modules\@babel\parser\lib\index.js:11046:23)
    at TypeScriptParserMixin.parseMaybeUnary (C:\Users\Qiuzizhao\Desktop\Projects\SuperMe-APP\SuperMe-APP\node_modules\@babel\parser\lib\index.js:9837:18)
    at TypeScriptParserMixin.parseMaybeUnaryOrPrivate (C:\Users\Qiuzizhao\Desktop\Projects\SuperMe-APP\SuperMe-APP\node_modules\@babel\parser\lib\index.js:10899:61)
    at TypeScriptParserMixin.parseExprOps (C:\Users\Qiuzizhao\Desktop\Projects\SuperMe-APP\SuperMe-APP\node_modules\@babel\parser\lib\index.js:10904:23)
    at TypeScriptParserMixin.parseMaybeConditional (C:\Users\Qiuzizhao\Desktop\Projects\SuperMe-APP\SuperMe-APP\node_modules\@babel\parser\lib\index.js:10881:23)
    at TypeScriptParserMixin.parseMaybeAssign (C:\Users\Qiuzizhao\Desktop\Projects\SuperMe-APP\SuperMe-APP\node_modules\@babel\parser\lib\index.js:10831:21)
    at C:\Users\Qiuzizhao\Desktop\Projects\SuperMe-APP\SuperMe-APP\node_modules\@babel\parser\lib\index.js:9775:39
    at TypeScriptParserMixin.tryParse (C:\Users\Qiuzizhao\Desktop\Projects\SuperMe-APP\SuperMe-APP\node_modules\@babel\parser\lib\index.js:6907:20)
    at TypeScriptParserMixin.parseMaybeAssign (C:\Users\Qiuzizhao\Desktop\Projects\SuperMe-APP\SuperMe-APP\node_modules\@babel\parser\lib\index.js:9775:18)
    at C:\Users\Qiuzizhao\Desktop\Projects\SuperMe-APP\SuperMe-APP\node_modules\@babel\parser\lib\index.js:10800:39
    at TypeScriptParserMixin.allowInAnd (C:\Users\Qiuzizhao\Desktop\Projects\SuperMe-APP\SuperMe-APP\node_modules\@babel\parser\lib\index.js:12426:12)
    at TypeScriptParserMixin.parseMaybeAssignAllowIn (C:\Users\Qiuzizhao\Desktop\Projects\SuperMe-APP\SuperMe-APP\node_modules\@babel\parser\lib\index.js:10800:17)
    at TypeScriptParserMixin.parseMaybeAssignAllowInOrVoidPattern (C:\Users\Qiuzizhao\Desktop\Projects\SuperMe-APP\SuperMe-APP\node_modules\@babel\parser\lib\index.js:12493:17)
    at TypeScriptParserMixin.parseParenAndDistinguishExpression (C:\Users\Qiuzizhao\Desktop\Projects\SuperMe-APP\SuperMe-APP\node_modules\@babel\parser\lib\index.js:11675:28)
    at TypeScriptParserMixin.parseExprAtom (C:\Users\Qiuzizhao\Desktop\Projects\SuperMe-APP\SuperMe-APP\node_modules\@babel\parser\lib\index.js:11331:23)
    at TypeScriptParserMixin.parseExprAtom (C:\Users\Qiuzizhao\Desktop\Projects\SuperMe-APP\SuperMe-APP\node_modules\@babel\parser\lib\index.js:4764:20)
    at TypeScriptParserMixin.parseExprSubscripts (C:\Users\Qiuzizhao\Desktop\Projects\SuperMe-APP\SuperMe-APP\node_modules\@babel\parser\lib\index.js:11081:23)
    at TypeScriptParserMixin.parseUpdate (C:\Users\Qiuzizhao\Desktop\Projects\SuperMe-APP\SuperMe-APP\node_modules\@babel\parser\lib\index.js:11066:21)
    at TypeScriptParserMixin.parseMaybeUnary (C:\Users\Qiuzizhao\Desktop\Projects\SuperMe-APP\SuperMe-APP\node_modules\@babel\parser\lib\index.js:11046:23)
    at TypeScriptParserMixin.parseMaybeUnary (C:\Users\Qiuzizhao\Desktop\Projects\SuperMe-APP\SuperMe-APP\node_modules\@babel\parser\lib\index.js:9837:18)
    at TypeScriptParserMixin.parseMaybeUnaryOrPrivate (C:\Users\Qiuzizhao\Desktop\Projects\SuperMe-APP\SuperMe-APP\node_modules\@babel\parser\lib\index.js:10899:61)
    at TypeScriptParserMixin.parseExprOps (C:\Users\Qiuzizhao\Desktop\Projects\SuperMe-APP\SuperMe-APP\node_modules\@babel\parser\lib\index.js:10904:23)
    at TypeScriptParserMixin.parseMaybeConditional (C:\Users\Qiuzizhao\Desktop\Projects\SuperMe-APP\SuperMe-APP\node_modules\@babel\parser\lib\index.js:10881:23)
    at TypeScriptParserMixin.parseMaybeAssign (C:\Users\Qiuzizhao\Desktop\Projects\SuperMe-APP\SuperMe-APP\node_modules\@babel\parser\lib\index.js:10831:21)
    at TypeScriptParserMixin.parseMaybeAssign (C:\Users\Qiuzizhao\Desktop\Projects\SuperMe-APP\SuperMe-APP\node_modules\@babel\parser\lib\index.js:9786:20)
    at TypeScriptParserMixin.parseExpressionBase (C:\Users\Qiuzizhao\Desktop\Projects\SuperMe-APP\SuperMe-APP\node_modules\@babel\parser\lib\index.js:10784:23)
    at C:\Users\Qiuzizhao\Desktop\Projects\SuperMe-APP\SuperMe-APP\node_modules\@babel\parser\lib\index.js:10780:39
    at TypeScriptParserMixin.allowInAnd (C:\Users\Qiuzizhao\Desktop\Projects\SuperMe-APP\SuperMe-APP\node_modules\@babel\parser\lib\index.js:12421:16)
    at TypeScriptParserMixin.parseExpression (C:\Users\Qiuzizhao\Desktop\Projects\SuperMe-APP\SuperMe-APP\node_modules\@babel\parser\lib\index.js:10780:17)
    at TypeScriptParserMixin.parseReturnStatement (C:\Users\Qiuzizhao\Desktop\Projects\SuperMe-APP\SuperMe-APP\node_modules\@babel\parser\lib\index.js:13142:28)
    at TypeScriptParserMixin.parseStatementContent (C:\Users\Qiuzizhao\Desktop\Projects\SuperMe-APP\SuperMe-APP\node_modules\@babel\parser\lib\index.js:12798:21)
    at TypeScriptParserMixin.parseStatementContent (C:\Users\Qiuzizhao\Desktop\Projects\SuperMe-APP\SuperMe-APP\node_modules\@babel\parser\lib\index.js:9508:18)
    at TypeScriptParserMixin.parseStatementLike (C:\Users\Qiuzizhao\Desktop\Projects\SuperMe-APP\SuperMe-APP\node_modules\@babel\parser\lib\index.js:12767:17)
    at TypeScriptParserMixin.parseStatementListItem (C:\Users\Qiuzizhao\Desktop\Projects\SuperMe-APP\SuperMe-APP\node_modules\@babel\parser\lib\index.js:12747:17)
    at TypeScriptParserMixin.parseBlockOrModuleBlockBody (C:\Users\Qiuzizhao\Desktop\Projects\SuperMe-APP\SuperMe-APP\node_modules\@babel\parser\lib\index.js:13316:61)
    at TypeScriptParserMixin.parseBlockBody (C:\Users\Qiuzizhao\Desktop\Projects\SuperMe-APP\SuperMe-APP\node_modules\@babel\parser\lib\index.js:13309:10)
    at TypeScriptParserMixin.parseBlock (C:\Users\Qiuzizhao\Desktop\Projects\SuperMe-APP\SuperMe-APP\node_modules\@babel\parser\lib\index.js:13297:10)
    at TypeScriptParserMixin.parseFunctionBody (C:\Users\Qiuzizhao\Desktop\Projects\SuperMe-APP\SuperMe-APP\node_modules\@babel\parser\lib\index.js:12100:24)
    at TypeScriptParserMixin.parseArrowExpression (C:\Users\Qiuzizhao\Desktop\Projects\SuperMe-APP\SuperMe-APP\node_modules\@babel\parser\lib\index.js:12075:10)
    at TypeScriptParserMixin.parseParenAndDistinguishExpression (C:\Users\Qiuzizhao\Desktop\Projects\SuperMe-APP\SuperMe-APP\node_modules\@babel\parser\lib\index.js:11687:12)
    at TypeScriptParserMixin.parseExprAtom (C:\Users\Qiuzizhao\Desktop\Projects\SuperMe-APP\SuperMe-APP\node_modules\@babel\parser\lib\index.js:11331:23)
    at TypeScriptParserMixin.parseExprAtom (C:\Users\Qiuzizhao\Desktop\Projects\SuperMe-APP\SuperMe-APP\node_modules\@babel\parser\lib\index.js:4764:20)
    at TypeScriptParserMixin.parseExprSubscripts (C:\Users\Qiuzizhao\Desktop\Projects\SuperMe-APP\SuperMe-APP\node_modules\@babel\parser\lib\index.js:11081:23)
 ERROR  SyntaxError: C:\Users\Qiuzizhao\Desktop\Projects\SuperMe-APP\SuperMe-APP\src\features\FinanceDashboard.tsx: Expected corresponding JSX closing tag for <Pressable>. (490:16)

  488 |                     </View>
  489 |                   ) : null}
> 490 |                 </View>
      |                 ^
  491 |               );
  492 |             })
  493 |           )}
    at constructor (C:\Users\Qiuzizhao\Desktop\Projects\SuperMe-APP\SuperMe-APP\node_modules\@babel\parser\lib\index.js:365:19)
    at TypeScriptParserMixin.raise (C:\Users\Qiuzizhao\Desktop\Projects\SuperMe-APP\SuperMe-APP\node_modules\@babel\parser\lib\index.js:6599:19)
    at TypeScriptParserMixin.jsxParseElementAt (C:\Users\Qiuzizhao\Desktop\Projects\SuperMe-APP\SuperMe-APP\node_modules\@babel\parser\lib\index.js:4727:16)
    at TypeScriptParserMixin.jsxParseElement (C:\Users\Qiuzizhao\Desktop\Projects\SuperMe-APP\SuperMe-APP\node_modules\@babel\parser\lib\index.js:4749:17)
    at TypeScriptParserMixin.parseExprAtom (C:\Users\Qiuzizhao\Desktop\Projects\SuperMe-APP\SuperMe-APP\node_modules\@babel\parser\lib\index.js:4759:19)
    at TypeScriptParserMixin.parseExprSubscripts (C:\Users\Qiuzizhao\Desktop\Projects\SuperMe-APP\SuperMe-APP\node_modules\@babel\parser\lib\index.js:11081:23)
    at TypeScriptParserMixin.parseUpdate (C:\Users\Qiuzizhao\Desktop\Projects\SuperMe-APP\SuperMe-APP\node_modules\@babel\parser\lib\index.js:11066:21)
    at TypeScriptParserMixin.parseMaybeUnary (C:\Users\Qiuzizhao\Desktop\Projects\SuperMe-APP\SuperMe-APP\node_modules\@babel\parser\lib\index.js:11046:23)
    at TypeScriptParserMixin.parseMaybeUnary (C:\Users\Qiuzizhao\Desktop\Projects\SuperMe-APP\SuperMe-APP\node_modules\@babel\parser\lib\index.js:9837:18)
    at TypeScriptParserMixin.parseMaybeUnaryOrPrivate (C:\Users\Qiuzizhao\Desktop\Projects\SuperMe-APP\SuperMe-APP\node_modules\@babel\parser\lib\index.js:10899:61)
    at TypeScriptParserMixin.parseExprOps (C:\Users\Qiuzizhao\Desktop\Projects\SuperMe-APP\SuperMe-APP\node_modules\@babel\parser\lib\index.js:10904:23)
    at TypeScriptParserMixin.parseMaybeConditional (C:\Users\Qiuzizhao\Desktop\Projects\SuperMe-APP\SuperMe-APP\node_modules\@babel\parser\lib\index.js:10881:23)
    at TypeScriptParserMixin.parseMaybeAssign (C:\Users\Qiuzizhao\Desktop\Projects\SuperMe-APP\SuperMe-APP\node_modules\@babel\parser\lib\index.js:10831:21)
    at C:\Users\Qiuzizhao\Desktop\Projects\SuperMe-APP\SuperMe-APP\node_modules\@babel\parser\lib\index.js:9775:39
    at TypeScriptParserMixin.tryParse (C:\Users\Qiuzizhao\Desktop\Projects\SuperMe-APP\SuperMe-APP\node_modules\@babel\parser\lib\index.js:6907:20)
    at TypeScriptParserMixin.parseMaybeAssign (C:\Users\Qiuzizhao\Desktop\Projects\SuperMe-APP\SuperMe-APP\node_modules\@babel\parser\lib\index.js:9775:18)
    at C:\Users\Qiuzizhao\Desktop\Projects\SuperMe-APP\SuperMe-APP\node_modules\@babel\parser\lib\index.js:10800:39
    at TypeScriptParserMixin.allowInAnd (C:\Users\Qiuzizhao\Desktop\Projects\SuperMe-APP\SuperMe-APP\node_modules\@babel\parser\lib\index.js:12426:12)
    at TypeScriptParserMixin.parseMaybeAssignAllowIn (C:\Users\Qiuzizhao\Desktop\Projects\SuperMe-APP\SuperMe-APP\node_modules\@babel\parser\lib\index.js:10800:17)
    at TypeScriptParserMixin.parseMaybeAssignAllowInOrVoidPattern (C:\Users\Qiuzizhao\Desktop\Projects\SuperMe-APP\SuperMe-APP\node_modules\@babel\parser\lib\index.js:12493:17)
    at TypeScriptParserMixin.parseParenAndDistinguishExpression (C:\Users\Qiuzizhao\Desktop\Projects\SuperMe-APP\SuperMe-APP\node_modules\@babel\parser\lib\index.js:11675:28)
    at TypeScriptParserMixin.parseExprAtom (C:\Users\Qiuzizhao\Desktop\Projects\SuperMe-APP\SuperMe-APP\node_modules\@babel\parser\lib\index.js:11331:23)
    at TypeScriptParserMixin.parseExprAtom (C:\Users\Qiuzizhao\Desktop\Projects\SuperMe-APP\SuperMe-APP\node_modules\@babel\parser\lib\index.js:4764:20)
    at TypeScriptParserMixin.parseExprSubscripts (C:\Users\Qiuzizhao\Desktop\Projects\SuperMe-APP\SuperMe-APP\node_modules\@babel\parser\lib\index.js:11081:23)
    at TypeScriptParserMixin.parseUpdate (C:\Users\Qiuzizhao\Desktop\Projects\SuperMe-APP\SuperMe-APP\node_modules\@babel\parser\lib\index.js:11066:21)
    at TypeScriptParserMixin.parseMaybeUnary (C:\Users\Qiuzizhao\Desktop\Projects\SuperMe-APP\SuperMe-APP\node_modules\@babel\parser\lib\index.js:11046:23)
    at TypeScriptParserMixin.parseMaybeUnary (C:\Users\Qiuzizhao\Desktop\Projects\SuperMe-APP\SuperMe-APP\node_modules\@babel\parser\lib\index.js:9837:18)
    at TypeScriptParserMixin.parseMaybeUnaryOrPrivate (C:\Users\Qiuzizhao\Desktop\Projects\SuperMe-APP\SuperMe-APP\node_modules\@babel\parser\lib\index.js:10899:61)
    at TypeScriptParserMixin.parseExprOps (C:\Users\Qiuzizhao\Desktop\Projects\SuperMe-APP\SuperMe-APP\node_modules\@babel\parser\lib\index.js:10904:23)
    at TypeScriptParserMixin.parseMaybeConditional (C:\Users\Qiuzizhao\Desktop\Projects\SuperMe-APP\SuperMe-APP\node_modules\@babel\parser\lib\index.js:10881:23)
    at TypeScriptParserMixin.parseMaybeAssign (C:\Users\Qiuzizhao\Desktop\Projects\SuperMe-APP\SuperMe-APP\node_modules\@babel\parser\lib\index.js:10831:21)
    at TypeScriptParserMixin.parseMaybeAssign (C:\Users\Qiuzizhao\Desktop\Projects\SuperMe-APP\SuperMe-APP\node_modules\@babel\parser\lib\index.js:9786:20)
    at TypeScriptParserMixin.parseExpressionBase (C:\Users\Qiuzizhao\Desktop\Projects\SuperMe-APP\SuperMe-APP\node_modules\@babel\parser\lib\index.js:10784:23)
    at C:\Users\Qiuzizhao\Desktop\Projects\SuperMe-APP\SuperMe-APP\node_modules\@babel\parser\lib\index.js:10780:39
    at TypeScriptParserMixin.allowInAnd (C:\Users\Qiuzizhao\Desktop\Projects\SuperMe-APP\SuperMe-APP\node_modules\@babel\parser\lib\index.js:12421:16)
    at TypeScriptParserMixin.parseExpression (C:\Users\Qiuzizhao\Desktop\Projects\SuperMe-APP\SuperMe-APP\node_modules\@babel\parser\lib\index.js:10780:17)
    at TypeScriptParserMixin.parseReturnStatement (C:\Users\Qiuzizhao\Desktop\Projects\SuperMe-APP\SuperMe-APP\node_modules\@babel\parser\lib\index.js:13142:28)
    at TypeScriptParserMixin.parseStatementContent (C:\Users\Qiuzizhao\Desktop\Projects\SuperMe-APP\SuperMe-APP\node_modules\@babel\parser\lib\index.js:12798:21)
    at TypeScriptParserMixin.parseStatementContent (C:\Users\Qiuzizhao\Desktop\Projects\SuperMe-APP\SuperMe-APP\node_modules\@babel\parser\lib\index.js:9508:18)
    at TypeScriptParserMixin.parseStatementLike (C:\Users\Qiuzizhao\Desktop\Projects\SuperMe-APP\SuperMe-APP\node_modules\@babel\parser\lib\index.js:12767:17)
    at TypeScriptParserMixin.parseStatementListItem (C:\Users\Qiuzizhao\Desktop\Projects\SuperMe-APP\SuperMe-APP\node_modules\@babel\parser\lib\index.js:12747:17)
    at TypeScriptParserMixin.parseBlockOrModuleBlockBody (C:\Users\Qiuzizhao\Desktop\Projects\SuperMe-APP\SuperMe-APP\node_modules\@babel\parser\lib\index.js:13316:61)
    at TypeScriptParserMixin.parseBlockBody (C:\Users\Qiuzizhao\Desktop\Projects\SuperMe-APP\SuperMe-APP\node_modules\@babel\parser\lib\index.js:13309:10)
    at TypeScriptParserMixin.parseBlock (C:\Users\Qiuzizhao\Desktop\Projects\SuperMe-APP\SuperMe-APP\node_modules\@babel\parser\lib\index.js:13297:10)
    at TypeScriptParserMixin.parseFunctionBody (C:\Users\Qiuzizhao\Desktop\Projects\SuperMe-APP\SuperMe-APP\node_modules\@babel\parser\lib\index.js:12100:24)
    at TypeScriptParserMixin.parseArrowExpression (C:\Users\Qiuzizhao\Desktop\Projects\SuperMe-APP\SuperMe-APP\node_modules\@babel\parser\lib\index.js:12075:10)
    at TypeScriptParserMixin.parseParenAndDistinguishExpression (C:\Users\Qiuzizhao\Desktop\Projects\SuperMe-APP\SuperMe-APP\node_modules\@babel\parser\lib\index.js:11687:12)
    at TypeScriptParserMixin.parseExprAtom (C:\Users\Qiuzizhao\Desktop\Projects\SuperMe-APP\SuperMe-APP\node_modules\@babel\parser\lib\index.js:11331:23)
    at TypeScriptParserMixin.parseExprAtom (C:\Users\Qiuzizhao\Desktop\Projects\SuperMe-APP\SuperMe-APP\node_modules\@babel\parser\lib\index.js:4764:20)
    at TypeScriptParserMixin.parseExprSubscripts (C:\Users\Qiuzizhao\Desktop\Projects\SuperMe-APP\SuperMe-APP\node_modules\@babel\parser\lib\index.js:11081:23)
 ERROR  SyntaxError: C:\Users\Qiuzizhao\Desktop\Projects\SuperMe-APP\SuperMe-APP\src\features\FinanceDashboard.tsx: Expected corresponding JSX closing tag for <Pressable>. (486:16)

  484 |                     </View>
  485 |                   ) : null}
> 486 |                 </View>
      |                 ^
  487 |               );
  488 |             })
  489 |           )}
    at constructor (C:\Users\Qiuzizhao\Desktop\Projects\SuperMe-APP\SuperMe-APP\node_modules\@babel\parser\lib\index.js:365:19)
    at TypeScriptParserMixin.raise (C:\Users\Qiuzizhao\Desktop\Projects\SuperMe-APP\SuperMe-APP\node_modules\@babel\parser\lib\index.js:6599:19)
    at TypeScriptParserMixin.jsxParseElementAt (C:\Users\Qiuzizhao\Desktop\Projects\SuperMe-APP\SuperMe-APP\node_modules\@babel\parser\lib\index.js:4727:16)
    at TypeScriptParserMixin.jsxParseElement (C:\Users\Qiuzizhao\Desktop\Projects\SuperMe-APP\SuperMe-APP\node_modules\@babel\parser\lib\index.js:4749:17)
    at TypeScriptParserMixin.parseExprAtom (C:\Users\Qiuzizhao\Desktop\Projects\SuperMe-APP\SuperMe-APP\node_modules\@babel\parser\lib\index.js:4759:19)
    at TypeScriptParserMixin.parseExprSubscripts (C:\Users\Qiuzizhao\Desktop\Projects\SuperMe-APP\SuperMe-APP\node_modules\@babel\parser\lib\index.js:11081:23)
    at TypeScriptParserMixin.parseUpdate (C:\Users\Qiuzizhao\Desktop\Projects\SuperMe-APP\SuperMe-APP\node_modules\@babel\parser\lib\index.js:11066:21)
    at TypeScriptParserMixin.parseMaybeUnary (C:\Users\Qiuzizhao\Desktop\Projects\SuperMe-APP\SuperMe-APP\node_modules\@babel\parser\lib\index.js:11046:23)
    at TypeScriptParserMixin.parseMaybeUnary (C:\Users\Qiuzizhao\Desktop\Projects\SuperMe-APP\SuperMe-APP\node_modules\@babel\parser\lib\index.js:9837:18)
    at TypeScriptParserMixin.parseMaybeUnaryOrPrivate (C:\Users\Qiuzizhao\Desktop\Projects\SuperMe-APP\SuperMe-APP\node_modules\@babel\parser\lib\index.js:10899:61)
    at TypeScriptParserMixin.parseExprOps (C:\Users\Qiuzizhao\Desktop\Projects\SuperMe-APP\SuperMe-APP\node_modules\@babel\parser\lib\index.js:10904:23)
    at TypeScriptParserMixin.parseMaybeConditional (C:\Users\Qiuzizhao\Desktop\Projects\SuperMe-APP\SuperMe-APP\node_modules\@babel\parser\lib\index.js:10881:23)
    at TypeScriptParserMixin.parseMaybeAssign (C:\Users\Qiuzizhao\Desktop\Projects\SuperMe-APP\SuperMe-APP\node_modules\@babel\parser\lib\index.js:10831:21)
    at C:\Users\Qiuzizhao\Desktop\Projects\SuperMe-APP\SuperMe-APP\node_modules\@babel\parser\lib\index.js:9775:39
    at TypeScriptParserMixin.tryParse (C:\Users\Qiuzizhao\Desktop\Projects\SuperMe-APP\SuperMe-APP\node_modules\@babel\parser\lib\index.js:6907:20)
    at TypeScriptParserMixin.parseMaybeAssign (C:\Users\Qiuzizhao\Desktop\Projects\SuperMe-APP\SuperMe-APP\node_modules\@babel\parser\lib\index.js:9775:18)
    at C:\Users\Qiuzizhao\Desktop\Projects\SuperMe-APP\SuperMe-APP\node_modules\@babel\parser\lib\index.js:10800:39
    at TypeScriptParserMixin.allowInAnd (C:\Users\Qiuzizhao\Desktop\Projects\SuperMe-APP\SuperMe-APP\node_modules\@babel\parser\lib\index.js:12426:12)
    at TypeScriptParserMixin.parseMaybeAssignAllowIn (C:\Users\Qiuzizhao\Desktop\Projects\SuperMe-APP\SuperMe-APP\node_modules\@babel\parser\lib\index.js:10800:17)
    at TypeScriptParserMixin.parseMaybeAssignAllowInOrVoidPattern (C:\Users\Qiuzizhao\Desktop\Projects\SuperMe-APP\SuperMe-APP\node_modules\@babel\parser\lib\index.js:12493:17)
    at TypeScriptParserMixin.parseParenAndDistinguishExpression (C:\Users\Qiuzizhao\Desktop\Projects\SuperMe-APP\SuperMe-APP\node_modules\@babel\parser\lib\index.js:11675:28)
    at TypeScriptParserMixin.parseExprAtom (C:\Users\Qiuzizhao\Desktop\Projects\SuperMe-APP\SuperMe-APP\node_modules\@babel\parser\lib\index.js:11331:23)
    at TypeScriptParserMixin.parseExprAtom (C:\Users\Qiuzizhao\Desktop\Projects\SuperMe-APP\SuperMe-APP\node_modules\@babel\parser\lib\index.js:4764:20)
    at TypeScriptParserMixin.parseExprSubscripts (C:\Users\Qiuzizhao\Desktop\Projects\SuperMe-APP\SuperMe-APP\node_modules\@babel\parser\lib\index.js:11081:23)
    at TypeScriptParserMixin.parseUpdate (C:\Users\Qiuzizhao\Desktop\Projects\SuperMe-APP\SuperMe-APP\node_modules\@babel\parser\lib\index.js:11066:21)
    at TypeScriptParserMixin.parseMaybeUnary (C:\Users\Qiuzizhao\Desktop\Projects\SuperMe-APP\SuperMe-APP\node_modules\@babel\parser\lib\index.js:11046:23)
    at TypeScriptParserMixin.parseMaybeUnary (C:\Users\Qiuzizhao\Desktop\Projects\SuperMe-APP\SuperMe-APP\node_modules\@babel\parser\lib\index.js:9837:18)
    at TypeScriptParserMixin.parseMaybeUnaryOrPrivate (C:\Users\Qiuzizhao\Desktop\Projects\SuperMe-APP\SuperMe-APP\node_modules\@babel\parser\lib\index.js:10899:61)
    at TypeScriptParserMixin.parseExprOps (C:\Users\Qiuzizhao\Desktop\Projects\SuperMe-APP\SuperMe-APP\node_modules\@babel\parser\lib\index.js:10904:23)
    at TypeScriptParserMixin.parseMaybeConditional (C:\Users\Qiuzizhao\Desktop\Projects\SuperMe-APP\SuperMe-APP\node_modules\@babel\parser\lib\index.js:10881:23)
    at TypeScriptParserMixin.parseMaybeAssign (C:\Users\Qiuzizhao\Desktop\Projects\SuperMe-APP\SuperMe-APP\node_modules\@babel\parser\lib\index.js:10831:21)
    at TypeScriptParserMixin.parseMaybeAssign (C:\Users\Qiuzizhao\Desktop\Projects\SuperMe-APP\SuperMe-APP\node_modules\@babel\parser\lib\index.js:9786:20)
    at TypeScriptParserMixin.parseExpressionBase (C:\Users\Qiuzizhao\Desktop\Projects\SuperMe-APP\SuperMe-APP\node_modules\@babel\parser\lib\index.js:10784:23)
    at C:\Users\Qiuzizhao\Desktop\Projects\SuperMe-APP\SuperMe-APP\node_modules\@babel\parser\lib\index.js:10780:39
    at TypeScriptParserMixin.allowInAnd (C:\Users\Qiuzizhao\Desktop\Projects\SuperMe-APP\SuperMe-APP\node_modules\@babel\parser\lib\index.js:12421:16)
    at TypeScriptParserMixin.parseExpression (C:\Users\Qiuzizhao\Desktop\Projects\SuperMe-APP\SuperMe-APP\node_modules\@babel\parser\lib\index.js:10780:17)
    at TypeScriptParserMixin.parseReturnStatement (C:\Users\Qiuzizhao\Desktop\Projects\SuperMe-APP\SuperMe-APP\node_modules\@babel\parser\lib\index.js:13142:28)
    at TypeScriptParserMixin.parseStatementContent (C:\Users\Qiuzizhao\Desktop\Projects\SuperMe-APP\SuperMe-APP\node_modules\@babel\parser\lib\index.js:12798:21)
    at TypeScriptParserMixin.parseStatementContent (C:\Users\Qiuzizhao\Desktop\Projects\SuperMe-APP\SuperMe-APP\node_modules\@babel\parser\lib\index.js:9508:18)
    at TypeScriptParserMixin.parseStatementLike (C:\Users\Qiuzizhao\Desktop\Projects\SuperMe-APP\SuperMe-APP\node_modules\@babel\parser\lib\index.js:12767:17)
    at TypeScriptParserMixin.parseStatementListItem (C:\Users\Qiuzizhao\Desktop\Projects\SuperMe-APP\SuperMe-APP\node_modules\@babel\parser\lib\index.js:12747:17)
    at TypeScriptParserMixin.parseBlockOrModuleBlockBody (C:\Users\Qiuzizhao\Desktop\Projects\SuperMe-APP\SuperMe-APP\node_modules\@babel\parser\lib\index.js:13316:61)
    at TypeScriptParserMixin.parseBlockBody (C:\Users\Qiuzizhao\Desktop\Projects\SuperMe-APP\SuperMe-APP\node_modules\@babel\parser\lib\index.js:13309:10)
    at TypeScriptParserMixin.parseBlock (C:\Users\Qiuzizhao\Desktop\Projects\SuperMe-APP\SuperMe-APP\node_modules\@babel\parser\lib\index.js:13297:10)
    at TypeScriptParserMixin.parseFunctionBody (C:\Users\Qiuzizhao\Desktop\Projects\SuperMe-APP\SuperMe-APP\node_modules\@babel\parser\lib\index.js:12100:24)
    at TypeScriptParserMixin.parseArrowExpression (C:\Users\Qiuzizhao\Desktop\Projects\SuperMe-APP\SuperMe-APP\node_modules\@babel\parser\lib\index.js:12075:10)
    at TypeScriptParserMixin.parseParenAndDistinguishExpression (C:\Users\Qiuzizhao\Desktop\Projects\SuperMe-APP\SuperMe-APP\node_modules\@babel\parser\lib\index.js:11687:12)
    at TypeScriptParserMixin.parseExprAtom (C:\Users\Qiuzizhao\Desktop\Projects\SuperMe-APP\SuperMe-APP\node_modules\@babel\parser\lib\index.js:11331:23)
    at TypeScriptParserMixin.parseExprAtom (C:\Users\Qiuzizhao\Desktop\Projects\SuperMe-APP\SuperMe-APP\node_modules\@babel\parser\lib\index.js:4764:20)
    at TypeScriptParserMixin.parseExprSubscripts (C:\Users\Qiuzizhao\Desktop\Projects\SuperMe-APP\SuperMe-APP\node_modules\@babel\parser\lib\index.js:11081:23)
 ERROR  SyntaxError: C:\Users\Qiuzizhao\Desktop\Projects\SuperMe-APP\SuperMe-APP\src\features\FinanceDashboard.tsx: Expected corresponding JSX closing tag for <Pressable>. (486:16)

  484 |                     </View>
  485 |                   ) : null}
> 486 |                 </View>
      |                 ^
  487 |               );
  488 |             })
  489 |           )}
    at constructor (C:\Users\Qiuzizhao\Desktop\Projects\SuperMe-APP\SuperMe-APP\node_modules\@babel\parser\lib\index.js:365:19)
    at TypeScriptParserMixin.raise (C:\Users\Qiuzizhao\Desktop\Projects\SuperMe-APP\SuperMe-APP\node_modules\@babel\parser\lib\index.js:6599:19)
    at TypeScriptParserMixin.jsxParseElementAt (C:\Users\Qiuzizhao\Desktop\Projects\SuperMe-APP\SuperMe-APP\node_modules\@babel\parser\lib\index.js:4727:16)
    at TypeScriptParserMixin.jsxParseElement (C:\Users\Qiuzizhao\Desktop\Projects\SuperMe-APP\SuperMe-APP\node_modules\@babel\parser\lib\index.js:4749:17)
    at TypeScriptParserMixin.parseExprAtom (C:\Users\Qiuzizhao\Desktop\Projects\SuperMe-APP\SuperMe-APP\node_modules\@babel\parser\lib\index.js:4759:19)
    at TypeScriptParserMixin.parseExprSubscripts (C:\Users\Qiuzizhao\Desktop\Projects\SuperMe-APP\SuperMe-APP\node_modules\@babel\parser\lib\index.js:11081:23)
    at TypeScriptParserMixin.parseUpdate (C:\Users\Qiuzizhao\Desktop\Projects\SuperMe-APP\SuperMe-APP\node_modules\@babel\parser\lib\index.js:11066:21)
    at TypeScriptParserMixin.parseMaybeUnary (C:\Users\Qiuzizhao\Desktop\Projects\SuperMe-APP\SuperMe-APP\node_modules\@babel\parser\lib\index.js:11046:23)
    at TypeScriptParserMixin.parseMaybeUnary (C:\Users\Qiuzizhao\Desktop\Projects\SuperMe-APP\SuperMe-APP\node_modules\@babel\parser\lib\index.js:9837:18)
    at TypeScriptParserMixin.parseMaybeUnaryOrPrivate (C:\Users\Qiuzizhao\Desktop\Projects\SuperMe-APP\SuperMe-APP\node_modules\@babel\parser\lib\index.js:10899:61)
    at TypeScriptParserMixin.parseExprOps (C:\Users\Qiuzizhao\Desktop\Projects\SuperMe-APP\SuperMe-APP\node_modules\@babel\parser\lib\index.js:10904:23)
    at TypeScriptParserMixin.parseMaybeConditional (C:\Users\Qiuzizhao\Desktop\Projects\SuperMe-APP\SuperMe-APP\node_modules\@babel\parser\lib\index.js:10881:23)
    at TypeScriptParserMixin.parseMaybeAssign (C:\Users\Qiuzizhao\Desktop\Projects\SuperMe-APP\SuperMe-APP\node_modules\@babel\parser\lib\index.js:10831:21)
    at C:\Users\Qiuzizhao\Desktop\Projects\SuperMe-APP\SuperMe-APP\node_modules\@babel\parser\lib\index.js:9775:39
    at TypeScriptParserMixin.tryParse (C:\Users\Qiuzizhao\Desktop\Projects\SuperMe-APP\SuperMe-APP\node_modules\@babel\parser\lib\index.js:6907:20)
    at TypeScriptParserMixin.parseMaybeAssign (C:\Users\Qiuzizhao\Desktop\Projects\SuperMe-APP\SuperMe-APP\node_modules\@babel\parser\lib\index.js:9775:18)
    at C:\Users\Qiuzizhao\Desktop\Projects\SuperMe-APP\SuperMe-APP\node_modules\@babel\parser\lib\index.js:10800:39
    at TypeScriptParserMixin.allowInAnd (C:\Users\Qiuzizhao\Desktop\Projects\SuperMe-APP\SuperMe-APP\node_modules\@babel\parser\lib\index.js:12426:12)
    at TypeScriptParserMixin.parseMaybeAssignAllowIn (C:\Users\Qiuzizhao\Desktop\Projects\SuperMe-APP\SuperMe-APP\node_modules\@babel\parser\lib\index.js:10800:17)
    at TypeScriptParserMixin.parseMaybeAssignAllowInOrVoidPattern (C:\Users\Qiuzizhao\Desktop\Projects\SuperMe-APP\SuperMe-APP\node_modules\@babel\parser\lib\index.js:12493:17)
    at TypeScriptParserMixin.parseParenAndDistinguishExpression (C:\Users\Qiuzizhao\Desktop\Projects\SuperMe-APP\SuperMe-APP\node_modules\@babel\parser\lib\index.js:11675:28)
    at TypeScriptParserMixin.parseExprAtom (C:\Users\Qiuzizhao\Desktop\Projects\SuperMe-APP\SuperMe-APP\node_modules\@babel\parser\lib\index.js:11331:23)
    at TypeScriptParserMixin.parseExprAtom (C:\Users\Qiuzizhao\Desktop\Projects\SuperMe-APP\SuperMe-APP\node_modules\@babel\parser\lib\index.js:4764:20)
    at TypeScriptParserMixin.parseExprSubscripts (C:\Users\Qiuzizhao\Desktop\Projects\SuperMe-APP\SuperMe-APP\node_modules\@babel\parser\lib\index.js:11081:23)
    at TypeScriptParserMixin.parseUpdate (C:\Users\Qiuzizhao\Desktop\Projects\SuperMe-APP\SuperMe-APP\node_modules\@babel\parser\lib\index.js:11066:21)
    at TypeScriptParserMixin.parseMaybeUnary (C:\Users\Qiuzizhao\Desktop\Projects\SuperMe-APP\SuperMe-APP\node_modules\@babel\parser\lib\index.js:11046:23)
    at TypeScriptParserMixin.parseMaybeUnary (C:\Users\Qiuzizhao\Desktop\Projects\SuperMe-APP\SuperMe-APP\node_modules\@babel\parser\lib\index.js:9837:18)
    at TypeScriptParserMixin.parseMaybeUnaryOrPrivate (C:\Users\Qiuzizhao\Desktop\Projects\SuperMe-APP\SuperMe-APP\node_modules\@babel\parser\lib\index.js:10899:61)
    at TypeScriptParserMixin.parseExprOps (C:\Users\Qiuzizhao\Desktop\Projects\SuperMe-APP\SuperMe-APP\node_modules\@babel\parser\lib\index.js:10904:23)
    at TypeScriptParserMixin.parseMaybeConditional (C:\Users\Qiuzizhao\Desktop\Projects\SuperMe-APP\SuperMe-APP\node_modules\@babel\parser\lib\index.js:10881:23)
    at TypeScriptParserMixin.parseMaybeAssign (C:\Users\Qiuzizhao\Desktop\Projects\SuperMe-APP\SuperMe-APP\node_modules\@babel\parser\lib\index.js:10831:21)
    at TypeScriptParserMixin.parseMaybeAssign (C:\Users\Qiuzizhao\Desktop\Projects\SuperMe-APP\SuperMe-APP\node_modules\@babel\parser\lib\index.js:9786:20)
    at TypeScriptParserMixin.parseExpressionBase (C:\Users\Qiuzizhao\Desktop\Projects\SuperMe-APP\SuperMe-APP\node_modules\@babel\parser\lib\index.js:10784:23)
    at C:\Users\Qiuzizhao\Desktop\Projects\SuperMe-APP\SuperMe-APP\node_modules\@babel\parser\lib\index.js:10780:39
    at TypeScriptParserMixin.allowInAnd (C:\Users\Qiuzizhao\Desktop\Projects\SuperMe-APP\SuperMe-APP\node_modules\@babel\parser\lib\index.js:12421:16)
    at TypeScriptParserMixin.parseExpression (C:\Users\Qiuzizhao\Desktop\Projects\SuperMe-APP\SuperMe-APP\node_modules\@babel\parser\lib\index.js:10780:17)
    at TypeScriptParserMixin.parseReturnStatement (C:\Users\Qiuzizhao\Desktop\Projects\SuperMe-APP\SuperMe-APP\node_modules\@babel\parser\lib\index.js:13142:28)
    at TypeScriptParserMixin.parseStatementContent (C:\Users\Qiuzizhao\Desktop\Projects\SuperMe-APP\SuperMe-APP\node_modules\@babel\parser\lib\index.js:12798:21)
    at TypeScriptParserMixin.parseStatementContent (C:\Users\Qiuzizhao\Desktop\Projects\SuperMe-APP\SuperMe-APP\node_modules\@babel\parser\lib\index.js:9508:18)
    at TypeScriptParserMixin.parseStatementLike (C:\Users\Qiuzizhao\Desktop\Projects\SuperMe-APP\SuperMe-APP\node_modules\@babel\parser\lib\index.js:12767:17)
    at TypeScriptParserMixin.parseStatementListItem (C:\Users\Qiuzizhao\Desktop\Projects\SuperMe-APP\SuperMe-APP\node_modules\@babel\parser\lib\index.js:12747:17)
    at TypeScriptParserMixin.parseBlockOrModuleBlockBody (C:\Users\Qiuzizhao\Desktop\Projects\SuperMe-APP\SuperMe-APP\node_modules\@babel\parser\lib\index.js:13316:61)
    at TypeScriptParserMixin.parseBlockBody (C:\Users\Qiuzizhao\Desktop\Projects\SuperMe-APP\SuperMe-APP\node_modules\@babel\parser\lib\index.js:13309:10)
    at TypeScriptParserMixin.parseBlock (C:\Users\Qiuzizhao\Desktop\Projects\SuperMe-APP\SuperMe-APP\node_modules\@babel\parser\lib\index.js:13297:10)
    at TypeScriptParserMixin.parseFunctionBody (C:\Users\Qiuzizhao\Desktop\Projects\SuperMe-APP\SuperMe-APP\node_modules\@babel\parser\lib\index.js:12100:24)
    at TypeScriptParserMixin.parseArrowExpression (C:\Users\Qiuzizhao\Desktop\Projects\SuperMe-APP\SuperMe-APP\node_modules\@babel\parser\lib\index.js:12075:10)
    at TypeScriptParserMixin.parseParenAndDistinguishExpression (C:\Users\Qiuzizhao\Desktop\Projects\SuperMe-APP\SuperMe-APP\node_modules\@babel\parser\lib\index.js:11687:12)
    at TypeScriptParserMixin.parseExprAtom (C:\Users\Qiuzizhao\Desktop\Projects\SuperMe-APP\SuperMe-APP\node_modules\@babel\parser\lib\index.js:11331:23)
    at TypeScriptParserMixin.parseExprAtom (C:\Users\Qiuzizhao\Desktop\Projects\SuperMe-APP\SuperMe-APP\node_modules\@babel\parser\lib\index.js:4764:20)
    at TypeScriptParserMixin.parseExprSubscripts (C:\Users\Qiuzizhao\Desktop\Projects\SuperMe-APP\SuperMe-APP\node_modules\@babel\parser\lib\index.js:11081:23)
 ERROR  SyntaxError: C:\Users\Qiuzizhao\Desktop\Projects\SuperMe-APP\SuperMe-APP\src\features\FinanceDashboard.tsx: Expected corresponding JSX closing tag for <Pressable>. (486:16)

  484 |                     </View>
  485 |                   ) : null}
> 486 |                 </View>
      |                 ^
  487 |               );
  488 |             })
  489 |           )}
    at constructor (C:\Users\Qiuzizhao\Desktop\Projects\SuperMe-APP\SuperMe-APP\node_modules\@babel\parser\lib\index.js:365:19)
    at TypeScriptParserMixin.raise (C:\Users\Qiuzizhao\Desktop\Projects\SuperMe-APP\SuperMe-APP\node_modules\@babel\parser\lib\index.js:6599:19)
    at TypeScriptParserMixin.jsxParseElementAt (C:\Users\Qiuzizhao\Desktop\Projects\SuperMe-APP\SuperMe-APP\node_modules\@babel\parser\lib\index.js:4727:16)
    at TypeScriptParserMixin.jsxParseElement (C:\Users\Qiuzizhao\Desktop\Projects\SuperMe-APP\SuperMe-APP\node_modules\@babel\parser\lib\index.js:4749:17)
    at TypeScriptParserMixin.parseExprAtom (C:\Users\Qiuzizhao\Desktop\Projects\SuperMe-APP\SuperMe-APP\node_modules\@babel\parser\lib\index.js:4759:19)
    at TypeScriptParserMixin.parseExprSubscripts (C:\Users\Qiuzizhao\Desktop\Projects\SuperMe-APP\SuperMe-APP\node_modules\@babel\parser\lib\index.js:11081:23)
    at TypeScriptParserMixin.parseUpdate (C:\Users\Qiuzizhao\Desktop\Projects\SuperMe-APP\SuperMe-APP\node_modules\@babel\parser\lib\index.js:11066:21)
    at TypeScriptParserMixin.parseMaybeUnary (C:\Users\Qiuzizhao\Desktop\Projects\SuperMe-APP\SuperMe-APP\node_modules\@babel\parser\lib\index.js:11046:23)
    at TypeScriptParserMixin.parseMaybeUnary (C:\Users\Qiuzizhao\Desktop\Projects\SuperMe-APP\SuperMe-APP\node_modules\@babel\parser\lib\index.js:9837:18)
    at TypeScriptParserMixin.parseMaybeUnaryOrPrivate (C:\Users\Qiuzizhao\Desktop\Projects\SuperMe-APP\SuperMe-APP\node_modules\@babel\parser\lib\index.js:10899:61)
    at TypeScriptParserMixin.parseExprOps (C:\Users\Qiuzizhao\Desktop\Projects\SuperMe-APP\SuperMe-APP\node_modules\@babel\parser\lib\index.js:10904:23)
    at TypeScriptParserMixin.parseMaybeConditional (C:\Users\Qiuzizhao\Desktop\Projects\SuperMe-APP\SuperMe-APP\node_modules\@babel\parser\lib\index.js:10881:23)
    at TypeScriptParserMixin.parseMaybeAssign (C:\Users\Qiuzizhao\Desktop\Projects\SuperMe-APP\SuperMe-APP\node_modules\@babel\parser\lib\index.js:10831:21)
    at C:\Users\Qiuzizhao\Desktop\Projects\SuperMe-APP\SuperMe-APP\node_modules\@babel\parser\lib\index.js:9775:39
    at TypeScriptParserMixin.tryParse (C:\Users\Qiuzizhao\Desktop\Projects\SuperMe-APP\SuperMe-APP\node_modules\@babel\parser\lib\index.js:6907:20)
    at TypeScriptParserMixin.parseMaybeAssign (C:\Users\Qiuzizhao\Desktop\Projects\SuperMe-APP\SuperMe-APP\node_modules\@babel\parser\lib\index.js:9775:18)
    at C:\Users\Qiuzizhao\Desktop\Projects\SuperMe-APP\SuperMe-APP\node_modules\@babel\parser\lib\index.js:10800:39
    at TypeScriptParserMixin.allowInAnd (C:\Users\Qiuzizhao\Desktop\Projects\SuperMe-APP\SuperMe-APP\node_modules\@babel\parser\lib\index.js:12426:12)
    at TypeScriptParserMixin.parseMaybeAssignAllowIn (C:\Users\Qiuzizhao\Desktop\Projects\SuperMe-APP\SuperMe-APP\node_modules\@babel\parser\lib\index.js:10800:17)
    at TypeScriptParserMixin.parseMaybeAssignAllowInOrVoidPattern (C:\Users\Qiuzizhao\Desktop\Projects\SuperMe-APP\SuperMe-APP\node_modules\@babel\parser\lib\index.js:12493:17)
    at TypeScriptParserMixin.parseParenAndDistinguishExpression (C:\Users\Qiuzizhao\Desktop\Projects\SuperMe-APP\SuperMe-APP\node_modules\@babel\parser\lib\index.js:11675:28)
    at TypeScriptParserMixin.parseExprAtom (C:\Users\Qiuzizhao\Desktop\Projects\SuperMe-APP\SuperMe-APP\node_modules\@babel\parser\lib\index.js:11331:23)
    at TypeScriptParserMixin.parseExprAtom (C:\Users\Qiuzizhao\Desktop\Projects\SuperMe-APP\SuperMe-APP\node_modules\@babel\parser\lib\index.js:4764:20)
    at TypeScriptParserMixin.parseExprSubscripts (C:\Users\Qiuzizhao\Desktop\Projects\SuperMe-APP\SuperMe-APP\node_modules\@babel\parser\lib\index.js:11081:23)
    at TypeScriptParserMixin.parseUpdate (C:\Users\Qiuzizhao\Desktop\Projects\SuperMe-APP\SuperMe-APP\node_modules\@babel\parser\lib\index.js:11066:21)
    at TypeScriptParserMixin.parseMaybeUnary (C:\Users\Qiuzizhao\Desktop\Projects\SuperMe-APP\SuperMe-APP\node_modules\@babel\parser\lib\index.js:11046:23)
    at TypeScriptParserMixin.parseMaybeUnary (C:\Users\Qiuzizhao\Desktop\Projects\SuperMe-APP\SuperMe-APP\node_modules\@babel\parser\lib\index.js:9837:18)
    at TypeScriptParserMixin.parseMaybeUnaryOrPrivate (C:\Users\Qiuzizhao\Desktop\Projects\SuperMe-APP\SuperMe-APP\node_modules\@babel\parser\lib\index.js:10899:61)
    at TypeScriptParserMixin.parseExprOps (C:\Users\Qiuzizhao\Desktop\Projects\SuperMe-APP\SuperMe-APP\node_modules\@babel\parser\lib\index.js:10904:23)
    at TypeScriptParserMixin.parseMaybeConditional (C:\Users\Qiuzizhao\Desktop\Projects\SuperMe-APP\SuperMe-APP\node_modules\@babel\parser\lib\index.js:10881:23)
    at TypeScriptParserMixin.parseMaybeAssign (C:\Users\Qiuzizhao\Desktop\Projects\SuperMe-APP\SuperMe-APP\node_modules\@babel\parser\lib\index.js:10831:21)
    at TypeScriptParserMixin.parseMaybeAssign (C:\Users\Qiuzizhao\Desktop\Projects\SuperMe-APP\SuperMe-APP\node_modules\@babel\parser\lib\index.js:9786:20)
    at TypeScriptParserMixin.parseExpressionBase (C:\Users\Qiuzizhao\Desktop\Projects\SuperMe-APP\SuperMe-APP\node_modules\@babel\parser\lib\index.js:10784:23)
    at C:\Users\Qiuzizhao\Desktop\Projects\SuperMe-APP\SuperMe-APP\node_modules\@babel\parser\lib\index.js:10780:39
    at TypeScriptParserMixin.allowInAnd (C:\Users\Qiuzizhao\Desktop\Projects\SuperMe-APP\SuperMe-APP\node_modules\@babel\parser\lib\index.js:12421:16)
    at TypeScriptParserMixin.parseExpression (C:\Users\Qiuzizhao\Desktop\Projects\SuperMe-APP\SuperMe-APP\node_modules\@babel\parser\lib\index.js:10780:17)
    at TypeScriptParserMixin.parseReturnStatement (C:\Users\Qiuzizhao\Desktop\Projects\SuperMe-APP\SuperMe-APP\node_modules\@babel\parser\lib\index.js:13142:28)
    at TypeScriptParserMixin.parseStatementContent (C:\Users\Qiuzizhao\Desktop\Projects\SuperMe-APP\SuperMe-APP\node_modules\@babel\parser\lib\index.js:12798:21)
    at TypeScriptParserMixin.parseStatementContent (C:\Users\Qiuzizhao\Desktop\Projects\SuperMe-APP\SuperMe-APP\node_modules\@babel\parser\lib\index.js:9508:18)
    at TypeScriptParserMixin.parseStatementLike (C:\Users\Qiuzizhao\Desktop\Projects\SuperMe-APP\SuperMe-APP\node_modules\@babel\parser\lib\index.js:12767:17)
    at TypeScriptParserMixin.parseStatementListItem (C:\Users\Qiuzizhao\Desktop\Projects\SuperMe-APP\SuperMe-APP\node_modules\@babel\parser\lib\index.js:12747:17)
    at TypeScriptParserMixin.parseBlockOrModuleBlockBody (C:\Users\Qiuzizhao\Desktop\Projects\SuperMe-APP\SuperMe-APP\node_modules\@babel\parser\lib\index.js:13316:61)
    at TypeScriptParserMixin.parseBlockBody (C:\Users\Qiuzizhao\Desktop\Projects\SuperMe-APP\SuperMe-APP\node_modules\@babel\parser\lib\index.js:13309:10)
    at TypeScriptParserMixin.parseBlock (C:\Users\Qiuzizhao\Desktop\Projects\SuperMe-APP\SuperMe-APP\node_modules\@babel\parser\lib\index.js:13297:10)
    at TypeScriptParserMixin.parseFunctionBody (C:\Users\Qiuzizhao\Desktop\Projects\SuperMe-APP\SuperMe-APP\node_modules\@babel\parser\lib\index.js:12100:24)
    at TypeScriptParserMixin.parseArrowExpression (C:\Users\Qiuzizhao\Desktop\Projects\SuperMe-APP\SuperMe-APP\node_modules\@babel\parser\lib\index.js:12075:10)
    at TypeScriptParserMixin.parseParenAndDistinguishExpression (C:\Users\Qiuzizhao\Desktop\Projects\SuperMe-APP\SuperMe-APP\node_modules\@babel\parser\lib\index.js:11687:12)
    at TypeScriptParserMixin.parseExprAtom (C:\Users\Qiuzizhao\Desktop\Projects\SuperMe-APP\SuperMe-APP\node_modules\@babel\parser\lib\index.js:11331:23)
    at TypeScriptParserMixin.parseExprAtom (C:\Users\Qiuzizhao\Desktop\Projects\SuperMe-APP\SuperMe-APP\node_modules\@babel\parser\lib\index.js:4764:20)
    at TypeScriptParserMixin.parseExprSubscripts (C:\Users\Qiuzizhao\Desktop\Projects\SuperMe-APP\SuperMe-APP\node_modules\@babel\parser\lib\index.js:11081:23)
λ Bundled 1739ms node_modules\expo-router\node\render.js (1 module)
Web node_modules\expo-router\entry.js ░░░░░░░░░░░░░░░░  0.0% (0/1)
"shadow*" style props are deprecated. Use "boxShadow".
Web Bundled 3770ms node_modules\expo-router\entry.js (1 module)
Web Bundled 36ms node_modules\expo-router\entry.js (1 module)
 LOG  [web] Logs will appear in the browser console
Web Bundled 552ms node_modules\expo-router\entry.js (1 module)
λ Bundled 664ms node_modules\expo-router\node\render.js (1 module)
"shadow*" style props are deprecated. Use "boxShadow".
Web node_modules\expo-router\entry.js ░░░░░░░░░░░░░░░░  0.0% (0/1)
λ Bundled 2213ms node_modules\expo-router\node\render.js (1 module)
"shadow*" style props are deprecated. Use "boxShadow".
Web node_modules\expo-router\entry.js ░░░░░░░░░░░░░░░░  0.0% (0/1)
Web Bundled 4686ms node_modules\expo-router\entry.js (1 module)
Web Bundled 2377ms node_modules\expo-router\entry.js (1 module)
Web node_modules\expo-router\entry.js ░░░░░░░░░░░░░░░░  0.0% (0/1)
 LOG  [web] Logs will appear in the browser console
λ Bundled 37ms node_modules\expo-router\node\render.js (1 module)
"shadow*" style props are deprecated. Use "boxShadow".
Web Bundled 461ms node_modules\expo-router\entry.js (1 module)
Web node_modules\expo-router\entry.js ░░░░░░░░░░░░░░░░  0.0% (0/1)
λ Bundled 30ms node_modules\expo-router\node\render.js (1 module)
"shadow*" style props are deprecated. Use "boxShadow".
Web Bundled 558ms node_modules\expo-router\entry.js (1 module)
Web Bundled 38ms node_modules\expo-router\entry.js (1 module)
 LOG  [web] Logs will appear in the browser console
λ Bundled 25ms node_modules\expo-router\node\render.js (1 module)
"shadow*" style props are deprecated. Use "boxShadow".
Web Bundled 414ms node_modules\expo-router\entry.js (1 module)
Web node_modules\expo-router\entry.js ░░░░░░░░░░░░░░░░  0.0% (0/1)
λ Bundled 91ms node_modules\expo-router\node\render.js (1 module)
"shadow*" style props are deprecated. Use "boxShadow".
Web Bundled 723ms node_modules\expo-router\entry.js (1 module)
Web Bundled 39ms node_modules\expo-router\entry.js (1 module)
 LOG  [web] Logs will appear in the browser console
λ Bundled 24ms node_modules\expo-router\node\render.js (1 module)
"shadow*" style props are deprecated. Use "boxShadow".
Web Bundled 359ms node_modules\expo-router\entry.js (1 module)
Web node_modules\expo-router\entry.js ░░░░░░░░░░░░░░░░  0.0% (0/1)
λ Bundled 29ms node_modules\expo-router\node\render.js (1 module)
"shadow*" style props are deprecated. Use "boxShadow".
Web Bundled 489ms node_modules\expo-router\entry.js (1 module)
Web Bundled 38ms node_modules\expo-router\entry.js (1 module)
 LOG  [web] Logs will appear in the browser console
λ Bundled 31ms node_modules\expo-router\node\render.js (1 module)
"shadow*" style props are deprecated. Use "boxShadow".
Web Bundled 445ms node_modules\expo-router\entry.js (1 module)
Web node_modules\expo-router\entry.js ░░░░░░░░░░░░░░░░  0.0% (0/1)
Web Bundled 1485ms node_modules\expo-router\entry.js (1 module)
λ Bundled 1658ms node_modules\expo-router\node\render.js (1 module)
"shadow*" style props are deprecated. Use "boxShadow".
Web Bundled 51ms node_modules\expo-router\entry.js (1 module)
 LOG  [web] Logs will appear in the browser console
λ Bundled 25ms node_modules\expo-router\node\render.js (1 module)
"shadow*" style props are deprecated. Use "boxShadow".
Web Bundled 452ms node_modules\expo-router\entry.js (1 module)
Web node_modules\expo-router\entry.js ░░░░░░░░░░░░░░░░  0.0% (0/1)
Web node_modules\expo-router\entry.js ░░░░░░░░░░░░░░░░  0.0% (0/1)
λ Bundled 2004ms node_modules\expo-router\node\render.js (1 module)
"shadow*" style props are deprecated. Use "boxShadow".
Web Bundled 2684ms node_modules\expo-router\entry.js (1 module)
Web Bundled 36ms node_modules\expo-router\entry.js (1 module)
 LOG  [web] Logs will appear in the browser console
λ Bundled 27ms node_modules\expo-router\node\render.js (1 module)
Web node_modules\expo-router\entry.js ░░░░░░░░░░░░░░░░  0.0% (0/1)
"shadow*" style props are deprecated. Use "boxShadow".
Web Bundled 453ms node_modules\expo-router\entry.js (1 module)
Web node_modules\expo-router\entry.js ░░░░░░░░░░░░░░░░  0.0% (0/1)
λ Bundled 1783ms node_modules\expo-router\node\render.js (1 module)
"shadow*" style props are deprecated. Use "boxShadow".
λ  WARN  props.pointerEvents is deprecated. Use style.pointerEvents 
  console.warn (C:\Users\Qiuzizhao\Desktop\Projects\SuperMe-APP\SuperMe-APP\node_modules\expo\node_modules\@expo\cli\src\start\server\serverLogLikeMetro.ts:161:21)
  warnOnce (C:\Users\Qiuzizhao\Desktop\Projects\SuperMe-APP\SuperMe-APP\node_modules\react-native-web\dist\modules\warnOnce\index.js:24:13)
  createDOMProps (C:\Users\Qiuzizhao\Desktop\Projects\SuperMe-APP\SuperMe-APP\node_modules\react-native-web\dist\modules\createDOMProps\index.js:805:13)
  createElement (C:\Users\Qiuzizhao\Desktop\Projects\SuperMe-APP\SuperMe-APP\node_modules\react-native-web\dist\exports\createElement\index.js:23:32)
  Component (C:\Users\Qiuzizhao\Desktop\Projects\SuperMe-APP\SuperMe-APP\node_modules\react-native-web\dist\exports\View\index.js:111:23)
  Object.callComponentInDEV [as react-stack-bottom-frame] (C:\Users\Qiuzizhao\Desktop\Projects\SuperMe-APP\SuperMe-APP\node_modules\react-dom\cjs\react-dom-server-legacy.node.development.js:8970:18)
  renderWithHooks (C:\Users\Qiuzizhao\Desktop\Projects\SuperMe-APP\SuperMe-APP\node_modules\react-dom\cjs\react-dom-server-legacy.node.development.js:4699:19)
  run (C:\Users\Qiuzizhao\Desktop\Projects\SuperMe-APP\SuperMe-APP\node_modules\react-dom\cjs\react-dom-server-legacy.node.development.js:5539:39)
  retryNode (C:\Users\Qiuzizhao\Desktop\Projects\SuperMe-APP\SuperMe-APP\node_modules\react-dom\cjs\react-dom-server-legacy.node.development.js:5899:31)
  renderNodeDestructive (C:\Users\Qiuzizhao\Desktop\Projects\SuperMe-APP\SuperMe-APP\node_modules\react-dom\cjs\react-dom-server-legacy.node.development.js:5849:11)
Web Bundled 2489ms node_modules\expo-router\entry.js (1 module)
Error: Premature close
    at onclose (node:internal/streams/end-of-stream:171:30)
    at processTicksAndRejections (node:internal/process/task_queues:84:11)
