Starting project at C:\Users\Qiuzizhao\Desktop\Projects\SuperMe-APP\SuperMe-APP
React Compiler enabled
Starting Metro Bundler
The following packages should be updated for best compatibility with the installed expo version:
  expo@54.0.33 - expected version: ~54.0.34
  expo-image-picker@17.0.10 - expected version: ~17.0.11
  expo-linking@8.0.11 - expected version: ~8.0.12
  expo-web-browser@15.0.10 - expected version: ~15.0.11
  react-native-svg@15.15.4 - expected version: 15.12.1
Your project may not work correctly until you install the expected versions of the packages.
Waiting on http://localhost:8083
Logs for your project will appear below.
Web node_modules\expo-router\entry.js ░░░░░░░░░░░░░░░░  0.0% (0/1)
λ Bundled 1175ms node_modules\expo-router\node\render.js (1209 modules)
"shadow*" style props are deprecated. Use "boxShadow".
Web Bundled 3239ms node_modules\expo-router\entry.js (1354 modules)
Web node_modules\expo-router\entry.js ▓▓▓▓▓▓▓▓▓▓▓▓▓▓░░ 87.6% (906/968)
Web Bundled 331ms node_modules\expo-router\entry.js (968 modules)
 LOG  [web] Logs will appear in the browser console
iOS node_modules\expo-router\entry.js ░░░░░░░░░░░░░░░░  0.0% (0/1)
iOS Bundled 2575ms node_modules\expo-router\entry.js (1720 modules)
Web node_modules\expo-router\entry.js ░░░░░░░░░░░░░░░░  0.0% (0/1)
λ Bundled 138ms node_modules\expo-router\node\render.js (1 module)
"shadow*" style props are deprecated. Use "boxShadow".
Web Bundled 602ms node_modules\expo-router\entry.js (1 module)
Web Bundled 34ms node_modules\expo-router\entry.js (1 module)
 LOG  [web] Logs will appear in the browser console
λ Bundled 23ms node_modules\expo-router\node\render.js (1 module)
"shadow*" style props are deprecated. Use "boxShadow".
Web Bundled 259ms node_modules\expo-router\entry.js (1 module)
Web Bundled 27ms node_modules\expo-router\entry.js (1 module)
 LOG  [web] Logs will appear in the browser console
 ERROR  [Invariant Violation: Changing numColumns on the fly is not supported. Change the key prop on FlatList when changing the number of columns to force a fresh render of the component.] 

Call Stack
  <global> (node_modules\invariant\browser.js)
  getNativeScrollRef (node_modules\react-native\Libraries\Lists\FlatList.js)
  callRender.reactStackBottomFrame (node_modules\react-native\Libraries\Renderer\implementations\ReactFabric-dev.js)
  getCurrentFiberStackInDev (node_modules\react-native\Libraries\Renderer\implementations\ReactFabric-dev.js)
  commitBeforeMutationEffects (node_modules\react-native\Libraries\Renderer\implementations\ReactFabric-dev.js)
  commitMutationEffectsOnFiber (node_modules\react-native\Libraries\Renderer\implementations\ReactFabric-dev.js)
  commitLayoutEffectOnFiber (node_modules\react-native\Libraries\Renderer\implementations\ReactFabric-dev.js)
  commitMutationEffectsOnFiber (node_modules\react-native\Libraries\Renderer\implementations\ReactFabric-dev.js)
  commitBeforeMutationEffects (node_modules\react-native\Libraries\Renderer\implementations\ReactFabric-dev.js)
  commitMutationEffectsOnFiber (node_modules\react-native\Libraries\Renderer\implementations\ReactFabric-dev.js)
  commitBeforeMutationEffects (node_modules\react-native\Libraries\Renderer\implementations\ReactFabric-dev.js)
  commitMutationEffectsOnFiber (node_modules\react-native\Libraries\Renderer\implementations\ReactFabric-dev.js)
  commitBeforeMutationEffects (node_modules\react-native\Libraries\Renderer\implementations\ReactFabric-dev.js)
  commitMutationEffectsOnFiber (node_modules\react-native\Libraries\Renderer\implementations\ReactFabric-dev.js)
  commitBeforeMutationEffects (node_modules\react-native\Libraries\Renderer\implementations\ReactFabric-dev.js)
  commitMutationEffectsOnFiber (node_modules\react-native\Libraries\Renderer\implementations\ReactFabric-dev.js)
  commitLayoutEffectOnFiber (node_modules\react-native\Libraries\Renderer\implementations\ReactFabric-dev.js)
  commitMutationEffectsOnFiber (node_modules\react-native\Libraries\Renderer\implementations\ReactFabric-dev.js)
  commitLayoutEffectOnFiber (node_modules\react-native\Libraries\Renderer\implementations\ReactFabric-dev.js)
  commitMutationEffectsOnFiber (node_modules\react-native\Libraries\Renderer\implementations\ReactFabric-dev.js)
  commitLayoutEffectOnFiber (node_modules\react-native\Libraries\Renderer\implementations\ReactFabric-dev.js)
  commitMutationEffectsOnFiber (node_modules\react-native\Libraries\Renderer\implementations\ReactFabric-dev.js)
  commitLayoutEffectOnFiber (node_modules\react-native\Libraries\Renderer\implementations\ReactFabric-dev.js)
  commitMutationEffectsOnFiber (node_modules\react-native\Libraries\Renderer\implementations\ReactFabric-dev.js)
  commitBeforeMutationEffects (node_modules\react-native\Libraries\Renderer\implementations\ReactFabric-dev.js)
  commitMutationEffectsOnFiber (node_modules\react-native\Libraries\Renderer\implementations\ReactFabric-dev.js)
  commitBeforeMutationEffects (node_modules\react-native\Libraries\Renderer\implementations\ReactFabric-dev.js)
  commitMutationEffectsOnFiber (node_modules\react-native\Libraries\Renderer\implementations\ReactFabric-dev.js)
  commitBeforeMutationEffects (node_modules\react-native\Libraries\Renderer\implementations\ReactFabric-dev.js)
  commitMutationEffectsOnFiber (node_modules\react-native\Libraries\Renderer\implementations\ReactFabric-dev.js)
  commitLayoutEffectOnFiber (node_modules\react-native\Libraries\Renderer\implementations\ReactFabric-dev.js)
  commitMutationEffectsOnFiber (node_modules\react-native\Libraries\Renderer\implementations\ReactFabric-dev.js)
  commitLayoutEffectOnFiber (node_modules\react-native\Libraries\Renderer\implementations\ReactFabric-dev.js)
  commitMutationEffectsOnFiber (node_modules\react-native\Libraries\Renderer\implementations\ReactFabric-dev.js)
  commitBeforeMutationEffects (node_modules\react-native\Libraries\Renderer\implementations\ReactFabric-dev.js)
  commitMutationEffectsOnFiber (node_modules\react-native\Libraries\Renderer\implementations\ReactFabric-dev.js)
  commitLayoutEffectOnFiber (node_modules\react-native\Libraries\Renderer\implementations\ReactFabric-dev.js)
  commitMutationEffectsOnFiber (node_modules\react-native\Libraries\Renderer\implementations\ReactFabric-dev.js)
  commitLayoutEffectOnFiber (node_modules\react-native\Libraries\Renderer\implementations\ReactFabric-dev.js)
  commitMutationEffectsOnFiber (node_modules\react-native\Libraries\Renderer\implementations\ReactFabric-dev.js)
  commitLayoutEffectOnFiber (node_modules\react-native\Libraries\Renderer\implementations\ReactFabric-dev.js)
  commitMutationEffectsOnFiber (node_modules\react-native\Libraries\Renderer\implementations\ReactFabric-dev.js)
  commitBeforeMutationEffects (node_modules\react-native\Libraries\Renderer\implementations\ReactFabric-dev.js)
  commitMutationEffectsOnFiber (node_modules\react-native\Libraries\Renderer\implementations\ReactFabric-dev.js)
  commitLayoutEffectOnFiber (node_modules\react-native\Libraries\Renderer\implementations\ReactFabric-dev.js)
  commitMutationEffectsOnFiber (node_modules\react-native\Libraries\Renderer\implementations\ReactFabric-dev.js)
  commitLayoutEffectOnFiber (node_modules\react-native\Libraries\Renderer\implementations\ReactFabric-dev.js)
  commitMutationEffectsOnFiber (node_modules\react-native\Libraries\Renderer\implementations\ReactFabric-dev.js)
  commitLayoutEffectOnFiber (node_modules\react-native\Libraries\Renderer\implementations\ReactFabric-dev.js)
  commitMutationEffectsOnFiber (node_modules\react-native\Libraries\Renderer\implementations\ReactFabric-dev.js)
  commitLayoutEffectOnFiber (node_modules\react-native\Libraries\Renderer\implementations\ReactFabric-dev.js)
  commitMutationEffectsOnFiber (node_modules\react-native\Libraries\Renderer\implementations\ReactFabric-dev.js)
  commitLayoutEffectOnFiber (node_modules\react-native\Libraries\Renderer\implementations\ReactFabric-dev.js)
  commitMutationEffectsOnFiber (node_modules\react-native\Libraries\Renderer\implementations\ReactFabric-dev.js)
  commitLayoutEffectOnFiber (node_modules\react-native\Libraries\Renderer\implementations\ReactFabric-dev.js)
  commitMutationEffectsOnFiber (node_modules\react-native\Libraries\Renderer\implementations\ReactFabric-dev.js)
  commitBeforeMutationEffects (node_modules\react-native\Libraries\Renderer\implementations\ReactFabric-dev.js)
  commitMutationEffectsOnFiber (node_modules\react-native\Libraries\Renderer\implementations\ReactFabric-dev.js)
  commitLayoutEffectOnFiber (node_modules\react-native\Libraries\Renderer\implementations\ReactFabric-dev.js)
  commitMutationEffectsOnFiber (node_modules\react-native\Libraries\Renderer\implementations\ReactFabric-dev.js)
  commitBeforeMutationEffects (node_modules\react-native\Libraries\Renderer\implementations\ReactFabric-dev.js)
  commitMutationEffectsOnFiber (node_modules\react-native\Libraries\Renderer\implementations\ReactFabric-dev.js)
  commitBeforeMutationEffects (node_modules\react-native\Libraries\Renderer\implementations\ReactFabric-dev.js)
  commitMutationEffectsOnFiber (node_modules\react-native\Libraries\Renderer\implementations\ReactFabric-dev.js)
  commitBeforeMutationEffects (node_modules\react-native\Libraries\Renderer\implementations\ReactFabric-dev.js)
  commitMutationEffectsOnFiber (node_modules\react-native\Libraries\Renderer\implementations\ReactFabric-dev.js)
  commitBeforeMutationEffects (node_modules\react-native\Libraries\Renderer\implementations\ReactFabric-dev.js)
  commitMutationEffectsOnFiber (node_modules\react-native\Libraries\Renderer\implementations\ReactFabric-dev.js)
  commitLayoutEffectOnFiber (node_modules\react-native\Libraries\Renderer\implementations\ReactFabric-dev.js)
  commitMutationEffectsOnFiber (node_modules\react-native\Libraries\Renderer\implementations\ReactFabric-dev.js)
  commitBeforeMutationEffects (node_modules\react-native\Libraries\Renderer\implementations\ReactFabric-dev.js)
  commitMutationEffectsOnFiber (node_modules\react-native\Libraries\Renderer\implementations\ReactFabric-dev.js)
  commitLayoutEffectOnFiber (node_modules\react-native\Libraries\Renderer\implementations\ReactFabric-dev.js)
  commitMutationEffectsOnFiber (node_modules\react-native\Libraries\Renderer\implementations\ReactFabric-dev.js)
  commitBeforeMutationEffects (node_modules\react-native\Libraries\Renderer\implementations\ReactFabric-dev.js)
  commitMutationEffectsOnFiber (node_modules\react-native\Libraries\Renderer\implementations\ReactFabric-dev.js)
  commitLayoutEffectOnFiber (node_modules\react-native\Libraries\Renderer\implementations\ReactFabric-dev.js)
  commitMutationEffectsOnFiber (node_modules\react-native\Libraries\Renderer\implementations\ReactFabric-dev.js)
  commitBeforeMutationEffects (node_modules\react-native\Libraries\Renderer\implementations\ReactFabric-dev.js)
  commitMutationEffectsOnFiber (node_modules\react-native\Libraries\Renderer\implementations\ReactFabric-dev.js)
  commitLayoutEffectOnFiber (node_modules\react-native\Libraries\Renderer\implementations\ReactFabric-dev.js)
  commitMutationEffectsOnFiber (node_modules\react-native\Libraries\Renderer\implementations\ReactFabric-dev.js)
  commitBeforeMutationEffects (node_modules\react-native\Libraries\Renderer\implementations\ReactFabric-dev.js)
  commitMutationEffectsOnFiber (node_modules\react-native\Libraries\Renderer\implementations\ReactFabric-dev.js)
  commitLayoutEffectOnFiber (node_modules\react-native\Libraries\Renderer\implementations\ReactFabric-dev.js)
  flushMutationEffects (node_modules\react-native\Libraries\Renderer\implementations\ReactFabric-dev.js)
  commitRoot (node_modules\react-native\Libraries\Renderer\implementations\ReactFabric-dev.js)
  performWorkOnRoot (node_modules\react-native\Libraries\Renderer\implementations\ReactFabric-dev.js)
  performWorkOnRoot (node_modules\react-native\Libraries\Renderer\implementations\ReactFabric-dev.js)
  scheduleTaskForRootDuringMicrotask (node_modules\react-native\Libraries\Renderer\implementations\ReactFabric-dev.js)
  ensureRootIsScheduled (node_modules\react-native\Libraries\Renderer\implementations\ReactFabric-dev.js)
  isRenderConsistentWithExternalStores (node_modules\react-native\Libraries\Renderer\implementations\ReactFabric-dev.js)
  shouldSuspendImpl (node_modules\react-native\Libraries\Renderer\implementations\ReactFabric-dev.js)
  apply (<native>)
  renderer_attach (node_modules\react-devtools-core\dist\backend.js)
  failedRootsSnapshot.forEach$argument_0 (node_modules\react-refresh\cjs\react-refresh-runtime.development.js)
  forEach (<native>)
  performReactRefresh (node_modules\react-refresh\cjs\react-refresh-runtime.development.js)
  <global> (node_modules\react-native\Libraries\Core\setUpReactRefresh.js)
  setTimeout$argument_0 (node_modules\expo\node_modules\@expo\cli\build\metro-require\require.js) 

Call Stack
  FlatList.props.renderItem (src\features\CrudScreen.tsx)
  DailyRoute (app\(tabs)\daily.tsx)
  BaseRoute (node_modules\expo-router\build\useScreens.js)
  SceneView (node_modules\@react-navigation\core\lib\module\SceneView.js)
  render (node_modules\@react-navigation\core\lib\module\useDescriptors.js)
  routes.reduce$argument_0 (node_modules\@react-navigation\core\lib\module\useDescriptors.js)
  reduce (<native>)
  useDescriptors (node_modules\@react-navigation\core\lib\module\useDescriptors.js)
  useNavigationBuilder (node_modules\@react-navigation\core\lib\module\useNavigationBuilder.js)
  BottomTabNavigator (http:\192.168.5.71:8083\node_modules\expo-router\entry.bundle)
  <global> (node_modules\expo-router\build\layouts\withLayoutContext.js)
  options.tabBarButton (node_modules\expo-router\build\layouts\TabsClient.js)
  TabLayout (app\(tabs)\_layout.tsx)
  BaseRoute (node_modules\expo-router\build\useScreens.js)
  SceneView (node_modules\@react-navigation\core\lib\module\SceneView.js)
  render (node_modules\@react-navigation\core\lib\module\useDescriptors.js)
  routes.reduce$argument_0 (node_modules\@react-navigation\core\lib\module\useDescriptors.js)
  reduce (<native>)
  useDescriptors (node_modules\@react-navigation\core\lib\module\useDescriptors.js)
  useNavigationBuilder (node_modules\@react-navigation\core\lib\module\useNavigationBuilder.js)
  <anonymous> (node_modules\expo-router\build\fork\native-stack\createNativeStackNavigator.js)
  <global> (node_modules\expo-router\build\layouts\withLayoutContext.js)
  filterSingular (node_modules\expo-router\build\layouts\StackClient.js)
  RootLayout (app\_layout.tsx)
  BaseRoute (node_modules\expo-router\build\useScreens.js)
  SceneView (node_modules\@react-navigation\core\lib\module\SceneView.js)
  render (node_modules\@react-navigation\core\lib\module\useDescriptors.js)
  routes.reduce$argument_0 (node_modules\@react-navigation\core\lib\module\useDescriptors.js)
  reduce (<native>)
  useDescriptors (node_modules\@react-navigation\core\lib\module\useDescriptors.js)
  useNavigationBuilder (node_modules\@react-navigation\core\lib\module\useNavigationBuilder.js)
  ContextNavigator (node_modules\expo-router\build\ExpoRoot.js)
  ContextNavigator (node_modules\expo-router\build\ExpoRoot.js)
  ExpoRoot (node_modules\expo-router\build\ExpoRoot.js)
  <anonymous> (node_modules\expo-router\build\qualified-entry.js)
  withDevTools (node_modules\expo\src\launch\withDevTools.ios.tsx)
 WARN  `flexWrap: `wrap`` is not supported with the `VirtualizedList` components.Consider using `numColumns` with `FlatList` instead.
 WARN  `flexWrap: `wrap`` is not supported with the `VirtualizedList` components.Consider using `numColumns` with `FlatList` instead.
 WARN  `flexWrap: `wrap`` is not supported with the `VirtualizedList` components.Consider using `numColumns` with `FlatList` instead.
 WARN  `flexWrap: `wrap`` is not supported with the `VirtualizedList` components.Consider using `numColumns` with `FlatList` instead.
 WARN  `flexWrap: `wrap`` is not supported with the `VirtualizedList` components.Consider using `numColumns` with `FlatList` instead.
 WARN  `flexWrap: `wrap`` is not supported with the `VirtualizedList` components.Consider using `numColumns` with `FlatList` instead.
 WARN  `flexWrap: `wrap`` is not supported with the `VirtualizedList` components.Consider using `numColumns` with `FlatList` instead.
 WARN  `flexWrap: `wrap`` is not supported with the `VirtualizedList` components.Consider using `numColumns` with `FlatList` instead.
 WARN  `flexWrap: `wrap`` is not supported with the `VirtualizedList` components.Consider using `numColumns` with `FlatList` instead.
 WARN  `flexWrap: `wrap`` is not supported with the `VirtualizedList` components.Consider using `numColumns` with `FlatList` instead.
 WARN  `flexWrap: `wrap`` is not supported with the `VirtualizedList` components.Consider using `numColumns` with `FlatList` instead.
 WARN  `flexWrap: `wrap`` is not supported with the `VirtualizedList` components.Consider using `numColumns` with `FlatList` instead.
 WARN  `flexWrap: `wrap`` is not supported with the `VirtualizedList` components.Consider using `numColumns` with `FlatList` instead.
 WARN  `flexWrap: `wrap`` is not supported with the `VirtualizedList` components.Consider using `numColumns` with `FlatList` instead.
 WARN  `flexWrap: `wrap`` is not supported with the `VirtualizedList` components.Consider using `numColumns` with `FlatList` instead.
 WARN  `flexWrap: `wrap`` is not supported with the `VirtualizedList` components.Consider using `numColumns` with `FlatList` instead.
 WARN  `flexWrap: `wrap`` is not supported with the `VirtualizedList` components.Consider using `numColumns` with `FlatList` instead.
 WARN  `flexWrap: `wrap`` is not supported with the `VirtualizedList` components.Consider using `numColumns` with `FlatList` instead.
 WARN  `flexWrap: `wrap`` is not supported with the `VirtualizedList` components.Consider using `numColumns` with `FlatList` instead.
 WARN  `flexWrap: `wrap`` is not supported with the `VirtualizedList` components.Consider using `numColumns` with `FlatList` instead.
 ERROR  [Invariant Violation: Changing numColumns on the fly is not supported. Change the key prop on FlatList when changing the number of columns to force a fresh render of the component.] 

Call Stack
  Range#test (node_modules\react-native-reanimated\node_modules\semver\classes\range.js)
  __attach (node_modules\react-native\Libraries\Animated\nodes\AnimatedAddition.js)
  createFiberFromTypeAndProps (node_modules\react-native\Libraries\Renderer\implementations\ReactFabric-dev.js)
  getCurrentTarget (node_modules\react-native\src\private\webapis\dom\events\internals\EventInternals.js)
  updateTextNode (node_modules\react-native\Libraries\Renderer\implementations\ReactFabric-dev.js)
  <anonymous> (node_modules\react-native\Libraries\Renderer\implementations\ReactFabric-dev.js)
  createChild (node_modules\react-native\Libraries\Renderer\implementations\ReactFabric-dev.js)
  <anonymous> (node_modules\react-native\Libraries\Renderer\implementations\ReactFabric-dev.js)
  placeSingleChild (node_modules\react-native\Libraries\Renderer\implementations\ReactFabric-dev.js)
  <anonymous> (node_modules\react-native\Libraries\Renderer\implementations\ReactFabric-dev.js)
  placeSingleChild (node_modules\react-native\Libraries\Renderer\implementations\ReactFabric-dev.js)
  <anonymous> (node_modules\react-native\Libraries\Renderer\implementations\ReactFabric-dev.js)
  placeSingleChild (node_modules\react-native\Libraries\Renderer\implementations\ReactFabric-dev.js)
  <anonymous> (node_modules\react-native\Libraries\Renderer\implementations\ReactFabric-dev.js)
  placeSingleChild (node_modules\react-native\Libraries\Renderer\implementations\ReactFabric-dev.js)
  <anonymous> (node_modules\react-native\Libraries\Renderer\implementations\ReactFabric-dev.js)
  updateSlot (node_modules\react-native\Libraries\Renderer\implementations\ReactFabric-dev.js)
  <anonymous> (node_modules\react-native\Libraries\Renderer\implementations\ReactFabric-dev.js)
  createChild (node_modules\react-native\Libraries\Renderer\implementations\ReactFabric-dev.js)
  <anonymous> (node_modules\react-native\Libraries\Renderer\implementations\ReactFabric-dev.js)
  updateSlot (node_modules\react-native\Libraries\Renderer\implementations\ReactFabric-dev.js)
  <anonymous> (node_modules\react-native\Libraries\Renderer\implementations\ReactFabric-dev.js)
  updateSlot (node_modules\react-native\Libraries\Renderer\implementations\ReactFabric-dev.js)
  <anonymous> (node_modules\react-native\Libraries\Renderer\implementations\ReactFabric-dev.js)
  placeSingleChild (node_modules\react-native\Libraries\Renderer\implementations\ReactFabric-dev.js)
  <anonymous> (node_modules\react-native\Libraries\Renderer\implementations\ReactFabric-dev.js)
  placeSingleChild (node_modules\react-native\Libraries\Renderer\implementations\ReactFabric-dev.js)
  <anonymous> (node_modules\react-native\Libraries\Renderer\implementations\ReactFabric-dev.js)
  placeSingleChild (node_modules\react-native\Libraries\Renderer\implementations\ReactFabric-dev.js)
  <anonymous> (node_modules\react-native\Libraries\Renderer\implementations\ReactFabric-dev.js)
  updateSlot (node_modules\react-native\Libraries\Renderer\implementations\ReactFabric-dev.js)
  <anonymous> (node_modules\react-native\Libraries\Renderer\implementations\ReactFabric-dev.js)
  updateSlot (node_modules\react-native\Libraries\Renderer\implementations\ReactFabric-dev.js)
  <anonymous> (node_modules\react-native\Libraries\Renderer\implementations\ReactFabric-dev.js)
  placeSingleChild (node_modules\react-native\Libraries\Renderer\implementations\ReactFabric-dev.js)
  <anonymous> (node_modules\react-native\Libraries\Renderer\implementations\ReactFabric-dev.js)
  updateSlot (node_modules\react-native\Libraries\Renderer\implementations\ReactFabric-dev.js)
  <anonymous> (node_modules\react-native\Libraries\Renderer\implementations\ReactFabric-dev.js)
  updateSlot (node_modules\react-native\Libraries\Renderer\implementations\ReactFabric-dev.js)
  <anonymous> (node_modules\react-native\Libraries\Renderer\implementations\ReactFabric-dev.js)
  updateSlot (node_modules\react-native\Libraries\Renderer\implementations\ReactFabric-dev.js)
  <anonymous> (node_modules\react-native\Libraries\Renderer\implementations\ReactFabric-dev.js)
  placeSingleChild (node_modules\react-native\Libraries\Renderer\implementations\ReactFabric-dev.js)
  <anonymous> (node_modules\react-native\Libraries\Renderer\implementations\ReactFabric-dev.js)
  updateSlot (node_modules\react-native\Libraries\Renderer\implementations\ReactFabric-dev.js)
  <anonymous> (node_modules\react-native\Libraries\Renderer\implementations\ReactFabric-dev.js)
  updateSlot (node_modules\react-native\Libraries\Renderer\implementations\ReactFabric-dev.js)
  <anonymous> (node_modules\react-native\Libraries\Renderer\implementations\ReactFabric-dev.js)
  updateSlot (node_modules\react-native\Libraries\Renderer\implementations\ReactFabric-dev.js)
  <anonymous> (node_modules\react-native\Libraries\Renderer\implementations\ReactFabric-dev.js)
  updateSlot (node_modules\react-native\Libraries\Renderer\implementations\ReactFabric-dev.js)
  <anonymous> (node_modules\react-native\Libraries\Renderer\implementations\ReactFabric-dev.js)
  updateSlot (node_modules\react-native\Libraries\Renderer\implementations\ReactFabric-dev.js)
  <anonymous> (node_modules\react-native\Libraries\Renderer\implementations\ReactFabric-dev.js)
  updateSlot (node_modules\react-native\Libraries\Renderer\implementations\ReactFabric-dev.js)
  <anonymous> (node_modules\react-native\Libraries\Renderer\implementations\ReactFabric-dev.js)
  placeSingleChild (node_modules\react-native\Libraries\Renderer\implementations\ReactFabric-dev.js)
  <anonymous> (node_modules\react-native\Libraries\Renderer\implementations\ReactFabric-dev.js)
  updateSlot (node_modules\react-native\Libraries\Renderer\implementations\ReactFabric-dev.js)
  <anonymous> (node_modules\react-native\Libraries\Renderer\implementations\ReactFabric-dev.js)
  placeSingleChild (node_modules\react-native\Libraries\Renderer\implementations\ReactFabric-dev.js)
  <anonymous> (node_modules\react-native\Libraries\Renderer\implementations\ReactFabric-dev.js)
  placeSingleChild (node_modules\react-native\Libraries\Renderer\implementations\ReactFabric-dev.js)
  <anonymous> (node_modules\react-native\Libraries\Renderer\implementations\ReactFabric-dev.js)
  placeSingleChild (node_modules\react-native\Libraries\Renderer\implementations\ReactFabric-dev.js)
  <anonymous> (node_modules\react-native\Libraries\Renderer\implementations\ReactFabric-dev.js)
  placeSingleChild (node_modules\react-native\Libraries\Renderer\implementations\ReactFabric-dev.js)
  <anonymous> (node_modules\react-native\Libraries\Renderer\implementations\ReactFabric-dev.js)
  createChild (node_modules\react-native\Libraries\Renderer\implementations\ReactFabric-dev.js)
  <anonymous> (node_modules\react-native\Libraries\Renderer\implementations\ReactFabric-dev.js)
  placeSingleChild (node_modules\react-native\Libraries\Renderer\implementations\ReactFabric-dev.js)
  <anonymous> (node_modules\react-native\Libraries\Renderer\implementations\ReactFabric-dev.js)
  createChild (node_modules\react-native\Libraries\Renderer\implementations\ReactFabric-dev.js)
  <anonymous> (node_modules\react-native\Libraries\Renderer\implementations\ReactFabric-dev.js)
  placeSingleChild (node_modules\react-native\Libraries\Renderer\implementations\ReactFabric-dev.js)
  <anonymous> (node_modules\react-native\Libraries\Renderer\implementations\ReactFabric-dev.js)
  updateSlot (node_modules\react-native\Libraries\Renderer\implementations\ReactFabric-dev.js)
  <anonymous> (node_modules\react-native\Libraries\Renderer\implementations\ReactFabric-dev.js)
  placeSingleChild (node_modules\react-native\Libraries\Renderer\implementations\ReactFabric-dev.js)
  <anonymous> (node_modules\react-native\Libraries\Renderer\implementations\ReactFabric-dev.js)
  updateSlot (node_modules\react-native\Libraries\Renderer\implementations\ReactFabric-dev.js)
  <anonymous> (node_modules\react-native\Libraries\Renderer\implementations\ReactFabric-dev.js)
  placeSingleChild (node_modules\react-native\Libraries\Renderer\implementations\ReactFabric-dev.js)
  <anonymous> (node_modules\react-native\Libraries\Renderer\implementations\ReactFabric-dev.js)
  updateElement (node_modules\react-native\Libraries\Renderer\implementations\ReactFabric-dev.js)
  beginWork (node_modules\react-native\Libraries\Renderer\implementations\ReactFabric-dev.js)
  beginWork (node_modules\react-native\Libraries\Renderer\implementations\ReactFabric-dev.js)
  finishClassComponent (node_modules\react-native\Libraries\Renderer\implementations\ReactFabric-dev.js)
  updateClassComponent (node_modules\react-native\Libraries\Renderer\implementations\ReactFabric-dev.js)
  <global> (node_modules\react-native\Libraries\Renderer\implementations\ReactFabric-dev.js)
  flushSyncWorkAcrossRoots_impl (http:\192.168.5.71:8083\node_modules\expo-router\entry.bundle)
  updateSuspenseComponent (node_modules\react-native\Libraries\Renderer\implementations\ReactFabric-dev.js)
  showErrorDialog (node_modules\react-native\Libraries\Core\ReactFiberErrorDialog.js)
  apply (<native>)
  <anonymous> (node_modules\react-devtools-core\dist\backend.js)
  failedRootsSnapshot.forEach$argument_0 (node_modules\react-refresh\cjs\react-refresh-runtime.development.js)
  forEach (<native>)
  performReactRefresh (node_modules\react-refresh\cjs\react-refresh-runtime.development.js)
  Event (node_modules\event-target-shim\dist\event-target-shim.mjs)
  setTimeout$argument_0 (node_modules\expo\node_modules\@expo\cli\build\metro-require\require.js) 

Call Stack
  CrudScreen (src\features\CrudScreen.tsx)
  DailyRoute (app\(tabs)\daily.tsx)
  BaseRoute (node_modules\expo-router\build\useScreens.js)
  SceneView (node_modules\@react-navigation\core\lib\module\SceneView.js)
  render (node_modules\@react-navigation\core\lib\module\useDescriptors.js)
  routes.reduce$argument_0 (node_modules\@react-navigation\core\lib\module\useDescriptors.js)
  reduce (<native>)
  useDescriptors (node_modules\@react-navigation\core\lib\module\useDescriptors.js)
  useNavigationBuilder (node_modules\@react-navigation\core\lib\module\useNavigationBuilder.js)
  BottomTabNavigator (http:\192.168.5.71:8083\node_modules\expo-router\entry.bundle)
  <global> (node_modules\expo-router\build\layouts\withLayoutContext.js)
  options.tabBarButton (node_modules\expo-router\build\layouts\TabsClient.js)
  TabLayout (app\(tabs)\_layout.tsx)
  BaseRoute (node_modules\expo-router\build\useScreens.js)
  SceneView (node_modules\@react-navigation\core\lib\module\SceneView.js)
  render (node_modules\@react-navigation\core\lib\module\useDescriptors.js)
  routes.reduce$argument_0 (node_modules\@react-navigation\core\lib\module\useDescriptors.js)
  reduce (<native>)
  useDescriptors (node_modules\@react-navigation\core\lib\module\useDescriptors.js)
  useNavigationBuilder (node_modules\@react-navigation\core\lib\module\useNavigationBuilder.js)
  <anonymous> (node_modules\expo-router\build\fork\native-stack\createNativeStackNavigator.js)
  <global> (node_modules\expo-router\build\layouts\withLayoutContext.js)
  filterSingular (node_modules\expo-router\build\layouts\StackClient.js)
  _this.renderBezierLine (node_modules\react-native-chart-kit\dist\line-chart\LineChart.js)
  BaseRoute (node_modules\expo-router\build\useScreens.js)
  SceneView (node_modules\@react-navigation\core\lib\module\SceneView.js)
  render (node_modules\@react-navigation\core\lib\module\useDescriptors.js)
  routes.reduce$argument_0 (node_modules\@react-navigation\core\lib\module\useDescriptors.js)
  reduce (<native>)
  useDescriptors (node_modules\@react-navigation\core\lib\module\useDescriptors.js)
  useNavigationBuilder (node_modules\@react-navigation\core\lib\module\useNavigationBuilder.js)
  ContextNavigator (node_modules\expo-router\build\ExpoRoot.js)
  ContextNavigator (node_modules\expo-router\build\ExpoRoot.js)
  ExpoRoot (node_modules\expo-router\build\ExpoRoot.js)
  Range#parseRange (node_modules\react-native-reanimated\node_modules\semver\classes\range.js)
  getAll (node_modules\whatwg-url-without-unicode\lib\URLSearchParams.js)
 ERROR  [Invariant Violation: Changing numColumns on the fly is not supported. Change the key prop on FlatList when changing the number of columns to force a fresh render of the component.] 

Call Stack
  Range#test (node_modules\react-native-reanimated\node_modules\semver\classes\range.js)
  __attach (node_modules\react-native\Libraries\Animated\nodes\AnimatedAddition.js)
  createFiberFromTypeAndProps (node_modules\react-native\Libraries\Renderer\implementations\ReactFabric-dev.js)
  getCurrentTarget (node_modules\react-native\src\private\webapis\dom\events\internals\EventInternals.js)
  updateTextNode (node_modules\react-native\Libraries\Renderer\implementations\ReactFabric-dev.js)
  <anonymous> (node_modules\react-native\Libraries\Renderer\implementations\ReactFabric-dev.js)
  createChild (node_modules\react-native\Libraries\Renderer\implementations\ReactFabric-dev.js)
  <anonymous> (node_modules\react-native\Libraries\Renderer\implementations\ReactFabric-dev.js)
  placeSingleChild (node_modules\react-native\Libraries\Renderer\implementations\ReactFabric-dev.js)
  <anonymous> (node_modules\react-native\Libraries\Renderer\implementations\ReactFabric-dev.js)
  placeSingleChild (node_modules\react-native\Libraries\Renderer\implementations\ReactFabric-dev.js)
  <anonymous> (node_modules\react-native\Libraries\Renderer\implementations\ReactFabric-dev.js)
  placeSingleChild (node_modules\react-native\Libraries\Renderer\implementations\ReactFabric-dev.js)
  <anonymous> (node_modules\react-native\Libraries\Renderer\implementations\ReactFabric-dev.js)
  placeSingleChild (node_modules\react-native\Libraries\Renderer\implementations\ReactFabric-dev.js)
  <anonymous> (node_modules\react-native\Libraries\Renderer\implementations\ReactFabric-dev.js)
  updateSlot (node_modules\react-native\Libraries\Renderer\implementations\ReactFabric-dev.js)
  <anonymous> (node_modules\react-native\Libraries\Renderer\implementations\ReactFabric-dev.js)
  createChild (node_modules\react-native\Libraries\Renderer\implementations\ReactFabric-dev.js)
  <anonymous> (node_modules\react-native\Libraries\Renderer\implementations\ReactFabric-dev.js)
  updateSlot (node_modules\react-native\Libraries\Renderer\implementations\ReactFabric-dev.js)
  <anonymous> (node_modules\react-native\Libraries\Renderer\implementations\ReactFabric-dev.js)
  updateSlot (node_modules\react-native\Libraries\Renderer\implementations\ReactFabric-dev.js)
  <anonymous> (node_modules\react-native\Libraries\Renderer\implementations\ReactFabric-dev.js)
  placeSingleChild (node_modules\react-native\Libraries\Renderer\implementations\ReactFabric-dev.js)
  <anonymous> (node_modules\react-native\Libraries\Renderer\implementations\ReactFabric-dev.js)
  placeSingleChild (node_modules\react-native\Libraries\Renderer\implementations\ReactFabric-dev.js)
  <anonymous> (node_modules\react-native\Libraries\Renderer\implementations\ReactFabric-dev.js)
  placeSingleChild (node_modules\react-native\Libraries\Renderer\implementations\ReactFabric-dev.js)
  <anonymous> (node_modules\react-native\Libraries\Renderer\implementations\ReactFabric-dev.js)
  updateSlot (node_modules\react-native\Libraries\Renderer\implementations\ReactFabric-dev.js)
  <anonymous> (node_modules\react-native\Libraries\Renderer\implementations\ReactFabric-dev.js)
  updateSlot (node_modules\react-native\Libraries\Renderer\implementations\ReactFabric-dev.js)
  <anonymous> (node_modules\react-native\Libraries\Renderer\implementations\ReactFabric-dev.js)
  placeSingleChild (node_modules\react-native\Libraries\Renderer\implementations\ReactFabric-dev.js)
  <anonymous> (node_modules\react-native\Libraries\Renderer\implementations\ReactFabric-dev.js)
  updateSlot (node_modules\react-native\Libraries\Renderer\implementations\ReactFabric-dev.js)
  <anonymous> (node_modules\react-native\Libraries\Renderer\implementations\ReactFabric-dev.js)
  updateSlot (node_modules\react-native\Libraries\Renderer\implementations\ReactFabric-dev.js)
  <anonymous> (node_modules\react-native\Libraries\Renderer\implementations\ReactFabric-dev.js)
  updateSlot (node_modules\react-native\Libraries\Renderer\implementations\ReactFabric-dev.js)
  <anonymous> (node_modules\react-native\Libraries\Renderer\implementations\ReactFabric-dev.js)
  placeSingleChild (node_modules\react-native\Libraries\Renderer\implementations\ReactFabric-dev.js)
  <anonymous> (node_modules\react-native\Libraries\Renderer\implementations\ReactFabric-dev.js)
  updateSlot (node_modules\react-native\Libraries\Renderer\implementations\ReactFabric-dev.js)
  <anonymous> (node_modules\react-native\Libraries\Renderer\implementations\ReactFabric-dev.js)
  updateSlot (node_modules\react-native\Libraries\Renderer\implementations\ReactFabric-dev.js)
  <anonymous> (node_modules\react-native\Libraries\Renderer\implementations\ReactFabric-dev.js)
  updateSlot (node_modules\react-native\Libraries\Renderer\implementations\ReactFabric-dev.js)
  <anonymous> (node_modules\react-native\Libraries\Renderer\implementations\ReactFabric-dev.js)
  updateSlot (node_modules\react-native\Libraries\Renderer\implementations\ReactFabric-dev.js)
  <anonymous> (node_modules\react-native\Libraries\Renderer\implementations\ReactFabric-dev.js)
  updateSlot (node_modules\react-native\Libraries\Renderer\implementations\ReactFabric-dev.js)
  <anonymous> (node_modules\react-native\Libraries\Renderer\implementations\ReactFabric-dev.js)
  updateSlot (node_modules\react-native\Libraries\Renderer\implementations\ReactFabric-dev.js)
  <anonymous> (node_modules\react-native\Libraries\Renderer\implementations\ReactFabric-dev.js)
  placeSingleChild (node_modules\react-native\Libraries\Renderer\implementations\ReactFabric-dev.js)
  <anonymous> (node_modules\react-native\Libraries\Renderer\implementations\ReactFabric-dev.js)
  updateSlot (node_modules\react-native\Libraries\Renderer\implementations\ReactFabric-dev.js)
  <anonymous> (node_modules\react-native\Libraries\Renderer\implementations\ReactFabric-dev.js)
  placeSingleChild (node_modules\react-native\Libraries\Renderer\implementations\ReactFabric-dev.js)
  <anonymous> (node_modules\react-native\Libraries\Renderer\implementations\ReactFabric-dev.js)
  placeSingleChild (node_modules\react-native\Libraries\Renderer\implementations\ReactFabric-dev.js)
  <anonymous> (node_modules\react-native\Libraries\Renderer\implementations\ReactFabric-dev.js)
  placeSingleChild (node_modules\react-native\Libraries\Renderer\implementations\ReactFabric-dev.js)
  <anonymous> (node_modules\react-native\Libraries\Renderer\implementations\ReactFabric-dev.js)
  placeSingleChild (node_modules\react-native\Libraries\Renderer\implementations\ReactFabric-dev.js)
  <anonymous> (node_modules\react-native\Libraries\Renderer\implementations\ReactFabric-dev.js)
  createChild (node_modules\react-native\Libraries\Renderer\implementations\ReactFabric-dev.js)
  <anonymous> (node_modules\react-native\Libraries\Renderer\implementations\ReactFabric-dev.js)
  placeSingleChild (node_modules\react-native\Libraries\Renderer\implementations\ReactFabric-dev.js)
  <anonymous> (node_modules\react-native\Libraries\Renderer\implementations\ReactFabric-dev.js)
  createChild (node_modules\react-native\Libraries\Renderer\implementations\ReactFabric-dev.js)
  <anonymous> (node_modules\react-native\Libraries\Renderer\implementations\ReactFabric-dev.js)
  placeSingleChild (node_modules\react-native\Libraries\Renderer\implementations\ReactFabric-dev.js)
  <anonymous> (node_modules\react-native\Libraries\Renderer\implementations\ReactFabric-dev.js)
  updateSlot (node_modules\react-native\Libraries\Renderer\implementations\ReactFabric-dev.js)
  <anonymous> (node_modules\react-native\Libraries\Renderer\implementations\ReactFabric-dev.js)
  placeSingleChild (node_modules\react-native\Libraries\Renderer\implementations\ReactFabric-dev.js)
  <anonymous> (node_modules\react-native\Libraries\Renderer\implementations\ReactFabric-dev.js)
  updateSlot (node_modules\react-native\Libraries\Renderer\implementations\ReactFabric-dev.js)
  <anonymous> (node_modules\react-native\Libraries\Renderer\implementations\ReactFabric-dev.js)
  placeSingleChild (node_modules\react-native\Libraries\Renderer\implementations\ReactFabric-dev.js)
  <anonymous> (node_modules\react-native\Libraries\Renderer\implementations\ReactFabric-dev.js)
  updateElement (node_modules\react-native\Libraries\Renderer\implementations\ReactFabric-dev.js)
  beginWork (node_modules\react-native\Libraries\Renderer\implementations\ReactFabric-dev.js)
  beginWork (node_modules\react-native\Libraries\Renderer\implementations\ReactFabric-dev.js)
  finishClassComponent (node_modules\react-native\Libraries\Renderer\implementations\ReactFabric-dev.js)
  updateClassComponent (node_modules\react-native\Libraries\Renderer\implementations\ReactFabric-dev.js)
  <global> (node_modules\react-native\Libraries\Renderer\implementations\ReactFabric-dev.js)
  flushSyncWorkAcrossRoots_impl (http:\192.168.5.71:8083\node_modules\expo-router\entry.bundle)
  updateSuspenseComponent (node_modules\react-native\Libraries\Renderer\implementations\ReactFabric-dev.js)
  showErrorDialog (node_modules\react-native\Libraries\Core\ReactFiberErrorDialog.js)
  apply (<native>)
  <anonymous> (node_modules\react-devtools-core\dist\backend.js)
  failedRootsSnapshot.forEach$argument_0 (node_modules\react-refresh\cjs\react-refresh-runtime.development.js)
  forEach (<native>)
  performReactRefresh (node_modules\react-refresh\cjs\react-refresh-runtime.development.js)
  Event (node_modules\event-target-shim\dist\event-target-shim.mjs)
  setTimeout$argument_0 (node_modules\expo\node_modules\@expo\cli\build\metro-require\require.js) 

Call Stack
  CrudScreen (src\features\CrudScreen.tsx)
  DailyRoute (app\(tabs)\daily.tsx)
  BaseRoute (node_modules\expo-router\build\useScreens.js)
  SceneView (node_modules\@react-navigation\core\lib\module\SceneView.js)
  render (node_modules\@react-navigation\core\lib\module\useDescriptors.js)
  routes.reduce$argument_0 (node_modules\@react-navigation\core\lib\module\useDescriptors.js)
  reduce (<native>)
  useDescriptors (node_modules\@react-navigation\core\lib\module\useDescriptors.js)
  useNavigationBuilder (node_modules\@react-navigation\core\lib\module\useNavigationBuilder.js)
  BottomTabNavigator (http:\192.168.5.71:8083\node_modules\expo-router\entry.bundle)
  <global> (node_modules\expo-router\build\layouts\withLayoutContext.js)
  options.tabBarButton (node_modules\expo-router\build\layouts\TabsClient.js)
  TabLayout (app\(tabs)\_layout.tsx)
  BaseRoute (node_modules\expo-router\build\useScreens.js)
  SceneView (node_modules\@react-navigation\core\lib\module\SceneView.js)
  render (node_modules\@react-navigation\core\lib\module\useDescriptors.js)
  routes.reduce$argument_0 (node_modules\@react-navigation\core\lib\module\useDescriptors.js)
  reduce (<native>)
  useDescriptors (node_modules\@react-navigation\core\lib\module\useDescriptors.js)
  useNavigationBuilder (node_modules\@react-navigation\core\lib\module\useNavigationBuilder.js)
  <anonymous> (node_modules\expo-router\build\fork\native-stack\createNativeStackNavigator.js)
  <global> (node_modules\expo-router\build\layouts\withLayoutContext.js)
  filterSingular (node_modules\expo-router\build\layouts\StackClient.js)
  _this.renderBezierLine (node_modules\react-native-chart-kit\dist\line-chart\LineChart.js)
  BaseRoute (node_modules\expo-router\build\useScreens.js)
  SceneView (node_modules\@react-navigation\core\lib\module\SceneView.js)
  render (node_modules\@react-navigation\core\lib\module\useDescriptors.js)
  routes.reduce$argument_0 (node_modules\@react-navigation\core\lib\module\useDescriptors.js)
  reduce (<native>)
  useDescriptors (node_modules\@react-navigation\core\lib\module\useDescriptors.js)
  useNavigationBuilder (node_modules\@react-navigation\core\lib\module\useNavigationBuilder.js)
  ContextNavigator (node_modules\expo-router\build\ExpoRoot.js)
  ContextNavigator (node_modules\expo-router\build\ExpoRoot.js)
  ExpoRoot (node_modules\expo-router\build\ExpoRoot.js)
  Range#parseRange (node_modules\react-native-reanimated\node_modules\semver\classes\range.js)
  getAll (node_modules\whatwg-url-without-unicode\lib\URLSearchParams.js)
 ERROR  [Invariant Violation: Changing numColumns on the fly is not supported. Change the key prop on FlatList when changing the number of columns to force a fresh render of the component.] 

Call Stack
  Range#test (node_modules\react-native-reanimated\node_modules\semver\classes\range.js)
  __attach (node_modules\react-native\Libraries\Animated\nodes\AnimatedAddition.js)
  createFiberFromTypeAndProps (node_modules\react-native\Libraries\Renderer\implementations\ReactFabric-dev.js)
  getCurrentTarget (node_modules\react-native\src\private\webapis\dom\events\internals\EventInternals.js)
  updateTextNode (node_modules\react-native\Libraries\Renderer\implementations\ReactFabric-dev.js)
  <anonymous> (node_modules\react-native\Libraries\Renderer\implementations\ReactFabric-dev.js)
  createChild (node_modules\react-native\Libraries\Renderer\implementations\ReactFabric-dev.js)
  <anonymous> (node_modules\react-native\Libraries\Renderer\implementations\ReactFabric-dev.js)
  placeSingleChild (node_modules\react-native\Libraries\Renderer\implementations\ReactFabric-dev.js)
  <anonymous> (node_modules\react-native\Libraries\Renderer\implementations\ReactFabric-dev.js)
  placeSingleChild (node_modules\react-native\Libraries\Renderer\implementations\ReactFabric-dev.js)
  <anonymous> (node_modules\react-native\Libraries\Renderer\implementations\ReactFabric-dev.js)
  placeSingleChild (node_modules\react-native\Libraries\Renderer\implementations\ReactFabric-dev.js)
  <anonymous> (node_modules\react-native\Libraries\Renderer\implementations\ReactFabric-dev.js)
  placeSingleChild (node_modules\react-native\Libraries\Renderer\implementations\ReactFabric-dev.js)
  <anonymous> (node_modules\react-native\Libraries\Renderer\implementations\ReactFabric-dev.js)
  updateSlot (node_modules\react-native\Libraries\Renderer\implementations\ReactFabric-dev.js)
  <anonymous> (node_modules\react-native\Libraries\Renderer\implementations\ReactFabric-dev.js)
  createChild (node_modules\react-native\Libraries\Renderer\implementations\ReactFabric-dev.js)
  <anonymous> (node_modules\react-native\Libraries\Renderer\implementations\ReactFabric-dev.js)
  updateSlot (node_modules\react-native\Libraries\Renderer\implementations\ReactFabric-dev.js)
  <anonymous> (node_modules\react-native\Libraries\Renderer\implementations\ReactFabric-dev.js)
  updateSlot (node_modules\react-native\Libraries\Renderer\implementations\ReactFabric-dev.js)
  <anonymous> (node_modules\react-native\Libraries\Renderer\implementations\ReactFabric-dev.js)
  placeSingleChild (node_modules\react-native\Libraries\Renderer\implementations\ReactFabric-dev.js)
  <anonymous> (node_modules\react-native\Libraries\Renderer\implementations\ReactFabric-dev.js)
  placeSingleChild (node_modules\react-native\Libraries\Renderer\implementations\ReactFabric-dev.js)
  <anonymous> (node_modules\react-native\Libraries\Renderer\implementations\ReactFabric-dev.js)
  placeSingleChild (node_modules\react-native\Libraries\Renderer\implementations\ReactFabric-dev.js)
  <anonymous> (node_modules\react-native\Libraries\Renderer\implementations\ReactFabric-dev.js)
  updateSlot (node_modules\react-native\Libraries\Renderer\implementations\ReactFabric-dev.js)
  <anonymous> (node_modules\react-native\Libraries\Renderer\implementations\ReactFabric-dev.js)
  updateSlot (node_modules\react-native\Libraries\Renderer\implementations\ReactFabric-dev.js)
  <anonymous> (node_modules\react-native\Libraries\Renderer\implementations\ReactFabric-dev.js)
  placeSingleChild (node_modules\react-native\Libraries\Renderer\implementations\ReactFabric-dev.js)
  <anonymous> (node_modules\react-native\Libraries\Renderer\implementations\ReactFabric-dev.js)
  updateSlot (node_modules\react-native\Libraries\Renderer\implementations\ReactFabric-dev.js)
  <anonymous> (node_modules\react-native\Libraries\Renderer\implementations\ReactFabric-dev.js)
  updateSlot (node_modules\react-native\Libraries\Renderer\implementations\ReactFabric-dev.js)
  <anonymous> (node_modules\react-native\Libraries\Renderer\implementations\ReactFabric-dev.js)
  updateSlot (node_modules\react-native\Libraries\Renderer\implementations\ReactFabric-dev.js)
  <anonymous> (node_modules\react-native\Libraries\Renderer\implementations\ReactFabric-dev.js)
  placeSingleChild (node_modules\react-native\Libraries\Renderer\implementations\ReactFabric-dev.js)
  <anonymous> (node_modules\react-native\Libraries\Renderer\implementations\ReactFabric-dev.js)
  updateSlot (node_modules\react-native\Libraries\Renderer\implementations\ReactFabric-dev.js)
  <anonymous> (node_modules\react-native\Libraries\Renderer\implementations\ReactFabric-dev.js)
  updateSlot (node_modules\react-native\Libraries\Renderer\implementations\ReactFabric-dev.js)
  <anonymous> (node_modules\react-native\Libraries\Renderer\implementations\ReactFabric-dev.js)
  updateSlot (node_modules\react-native\Libraries\Renderer\implementations\ReactFabric-dev.js)
  <anonymous> (node_modules\react-native\Libraries\Renderer\implementations\ReactFabric-dev.js)
  updateSlot (node_modules\react-native\Libraries\Renderer\implementations\ReactFabric-dev.js)
  <anonymous> (node_modules\react-native\Libraries\Renderer\implementations\ReactFabric-dev.js)
  updateSlot (node_modules\react-native\Libraries\Renderer\implementations\ReactFabric-dev.js)
  <anonymous> (node_modules\react-native\Libraries\Renderer\implementations\ReactFabric-dev.js)
  updateSlot (node_modules\react-native\Libraries\Renderer\implementations\ReactFabric-dev.js)
  <anonymous> (node_modules\react-native\Libraries\Renderer\implementations\ReactFabric-dev.js)
  placeSingleChild (node_modules\react-native\Libraries\Renderer\implementations\ReactFabric-dev.js)
  <anonymous> (node_modules\react-native\Libraries\Renderer\implementations\ReactFabric-dev.js)
  updateSlot (node_modules\react-native\Libraries\Renderer\implementations\ReactFabric-dev.js)
  <anonymous> (node_modules\react-native\Libraries\Renderer\implementations\ReactFabric-dev.js)
  placeSingleChild (node_modules\react-native\Libraries\Renderer\implementations\ReactFabric-dev.js)
  <anonymous> (node_modules\react-native\Libraries\Renderer\implementations\ReactFabric-dev.js)
  placeSingleChild (node_modules\react-native\Libraries\Renderer\implementations\ReactFabric-dev.js)
  <anonymous> (node_modules\react-native\Libraries\Renderer\implementations\ReactFabric-dev.js)
  placeSingleChild (node_modules\react-native\Libraries\Renderer\implementations\ReactFabric-dev.js)
  <anonymous> (node_modules\react-native\Libraries\Renderer\implementations\ReactFabric-dev.js)
  placeSingleChild (node_modules\react-native\Libraries\Renderer\implementations\ReactFabric-dev.js)
  <anonymous> (node_modules\react-native\Libraries\Renderer\implementations\ReactFabric-dev.js)
  createChild (node_modules\react-native\Libraries\Renderer\implementations\ReactFabric-dev.js)
  <anonymous> (node_modules\react-native\Libraries\Renderer\implementations\ReactFabric-dev.js)
  placeSingleChild (node_modules\react-native\Libraries\Renderer\implementations\ReactFabric-dev.js)
  <anonymous> (node_modules\react-native\Libraries\Renderer\implementations\ReactFabric-dev.js)
  createChild (node_modules\react-native\Libraries\Renderer\implementations\ReactFabric-dev.js)
  <anonymous> (node_modules\react-native\Libraries\Renderer\implementations\ReactFabric-dev.js)
  placeSingleChild (node_modules\react-native\Libraries\Renderer\implementations\ReactFabric-dev.js)
  <anonymous> (node_modules\react-native\Libraries\Renderer\implementations\ReactFabric-dev.js)
  updateSlot (node_modules\react-native\Libraries\Renderer\implementations\ReactFabric-dev.js)
  <anonymous> (node_modules\react-native\Libraries\Renderer\implementations\ReactFabric-dev.js)
  placeSingleChild (node_modules\react-native\Libraries\Renderer\implementations\ReactFabric-dev.js)
  <anonymous> (node_modules\react-native\Libraries\Renderer\implementations\ReactFabric-dev.js)
  updateSlot (node_modules\react-native\Libraries\Renderer\implementations\ReactFabric-dev.js)
  <anonymous> (node_modules\react-native\Libraries\Renderer\implementations\ReactFabric-dev.js)
  placeSingleChild (node_modules\react-native\Libraries\Renderer\implementations\ReactFabric-dev.js)
  <anonymous> (node_modules\react-native\Libraries\Renderer\implementations\ReactFabric-dev.js)
  updateElement (node_modules\react-native\Libraries\Renderer\implementations\ReactFabric-dev.js)
  beginWork (node_modules\react-native\Libraries\Renderer\implementations\ReactFabric-dev.js)
  beginWork (node_modules\react-native\Libraries\Renderer\implementations\ReactFabric-dev.js)
  finishClassComponent (node_modules\react-native\Libraries\Renderer\implementations\ReactFabric-dev.js)
  updateClassComponent (node_modules\react-native\Libraries\Renderer\implementations\ReactFabric-dev.js)
  <global> (node_modules\react-native\Libraries\Renderer\implementations\ReactFabric-dev.js)
  flushSyncWorkAcrossRoots_impl (http:\192.168.5.71:8083\node_modules\expo-router\entry.bundle)
  updateSuspenseComponent (node_modules\react-native\Libraries\Renderer\implementations\ReactFabric-dev.js)
  showErrorDialog (node_modules\react-native\Libraries\Core\ReactFiberErrorDialog.js)
  apply (<native>)
  <anonymous> (node_modules\react-devtools-core\dist\backend.js)
  failedRootsSnapshot.forEach$argument_0 (node_modules\react-refresh\cjs\react-refresh-runtime.development.js)
  forEach (<native>)
  performReactRefresh (node_modules\react-refresh\cjs\react-refresh-runtime.development.js)
  Event (node_modules\event-target-shim\dist\event-target-shim.mjs)
  setTimeout$argument_0 (node_modules\expo\node_modules\@expo\cli\build\metro-require\require.js) 

Call Stack
  CrudScreen (src\features\CrudScreen.tsx)
  WorkRoute (app\(tabs)\work.tsx)
  BaseRoute (node_modules\expo-router\build\useScreens.js)
  SceneView (node_modules\@react-navigation\core\lib\module\SceneView.js)
  render (node_modules\@react-navigation\core\lib\module\useDescriptors.js)
  routes.reduce$argument_0 (node_modules\@react-navigation\core\lib\module\useDescriptors.js)
  reduce (<native>)
  useDescriptors (node_modules\@react-navigation\core\lib\module\useDescriptors.js)
  useNavigationBuilder (node_modules\@react-navigation\core\lib\module\useNavigationBuilder.js)
  BottomTabNavigator (http:\192.168.5.71:8083\node_modules\expo-router\entry.bundle)
  <global> (node_modules\expo-router\build\layouts\withLayoutContext.js)
  options.tabBarButton (node_modules\expo-router\build\layouts\TabsClient.js)
  TabLayout (app\(tabs)\_layout.tsx)
  BaseRoute (node_modules\expo-router\build\useScreens.js)
  SceneView (node_modules\@react-navigation\core\lib\module\SceneView.js)
  render (node_modules\@react-navigation\core\lib\module\useDescriptors.js)
  routes.reduce$argument_0 (node_modules\@react-navigation\core\lib\module\useDescriptors.js)
  reduce (<native>)
  useDescriptors (node_modules\@react-navigation\core\lib\module\useDescriptors.js)
  useNavigationBuilder (node_modules\@react-navigation\core\lib\module\useNavigationBuilder.js)
  <anonymous> (node_modules\expo-router\build\fork\native-stack\createNativeStackNavigator.js)
  <global> (node_modules\expo-router\build\layouts\withLayoutContext.js)
  filterSingular (node_modules\expo-router\build\layouts\StackClient.js)
  _this.renderBezierLine (node_modules\react-native-chart-kit\dist\line-chart\LineChart.js)
  BaseRoute (node_modules\expo-router\build\useScreens.js)
  SceneView (node_modules\@react-navigation\core\lib\module\SceneView.js)
  render (node_modules\@react-navigation\core\lib\module\useDescriptors.js)
  routes.reduce$argument_0 (node_modules\@react-navigation\core\lib\module\useDescriptors.js)
  reduce (<native>)
  useDescriptors (node_modules\@react-navigation\core\lib\module\useDescriptors.js)
  useNavigationBuilder (node_modules\@react-navigation\core\lib\module\useNavigationBuilder.js)
  ContextNavigator (node_modules\expo-router\build\ExpoRoot.js)
  ContextNavigator (node_modules\expo-router\build\ExpoRoot.js)
  ExpoRoot (node_modules\expo-router\build\ExpoRoot.js)
  Range#parseRange (node_modules\react-native-reanimated\node_modules\semver\classes\range.js)
  getAll (node_modules\whatwg-url-without-unicode\lib\URLSearchParams.js)
 ERROR  [Invariant Violation: Changing numColumns on the fly is not supported. Change the key prop on FlatList when changing the number of columns to force a fresh render of the component.] 

Call Stack
  Range#test (node_modules\react-native-reanimated\node_modules\semver\classes\range.js)
  __attach (node_modules\react-native\Libraries\Animated\nodes\AnimatedAddition.js)
  createFiberFromTypeAndProps (node_modules\react-native\Libraries\Renderer\implementations\ReactFabric-dev.js)
  getCurrentTarget (node_modules\react-native\src\private\webapis\dom\events\internals\EventInternals.js)
  updateTextNode (node_modules\react-native\Libraries\Renderer\implementations\ReactFabric-dev.js)
  <anonymous> (node_modules\react-native\Libraries\Renderer\implementations\ReactFabric-dev.js)
  createChild (node_modules\react-native\Libraries\Renderer\implementations\ReactFabric-dev.js)
  <anonymous> (node_modules\react-native\Libraries\Renderer\implementations\ReactFabric-dev.js)
  placeSingleChild (node_modules\react-native\Libraries\Renderer\implementations\ReactFabric-dev.js)
  <anonymous> (node_modules\react-native\Libraries\Renderer\implementations\ReactFabric-dev.js)
  placeSingleChild (node_modules\react-native\Libraries\Renderer\implementations\ReactFabric-dev.js)
  <anonymous> (node_modules\react-native\Libraries\Renderer\implementations\ReactFabric-dev.js)
  placeSingleChild (node_modules\react-native\Libraries\Renderer\implementations\ReactFabric-dev.js)
  <anonymous> (node_modules\react-native\Libraries\Renderer\implementations\ReactFabric-dev.js)
  createChild (node_modules\react-native\Libraries\Renderer\implementations\ReactFabric-dev.js)
  <anonymous> (node_modules\react-native\Libraries\Renderer\implementations\ReactFabric-dev.js)
  placeSingleChild (node_modules\react-native\Libraries\Renderer\implementations\ReactFabric-dev.js)
  <anonymous> (node_modules\react-native\Libraries\Renderer\implementations\ReactFabric-dev.js)
  createChild (node_modules\react-native\Libraries\Renderer\implementations\ReactFabric-dev.js)
  <anonymous> (node_modules\react-native\Libraries\Renderer\implementations\ReactFabric-dev.js)
  placeSingleChild (node_modules\react-native\Libraries\Renderer\implementations\ReactFabric-dev.js)
  <anonymous> (node_modules\react-native\Libraries\Renderer\implementations\ReactFabric-dev.js)
  placeSingleChild (node_modules\react-native\Libraries\Renderer\implementations\ReactFabric-dev.js)
  <anonymous> (node_modules\react-native\Libraries\Renderer\implementations\ReactFabric-dev.js)
  placeSingleChild (node_modules\react-native\Libraries\Renderer\implementations\ReactFabric-dev.js)
  <anonymous> (node_modules\react-native\Libraries\Renderer\implementations\ReactFabric-dev.js)
  placeSingleChild (node_modules\react-native\Libraries\Renderer\implementations\ReactFabric-dev.js)
  <anonymous> (node_modules\react-native\Libraries\Renderer\implementations\ReactFabric-dev.js)
  updateSlot (node_modules\react-native\Libraries\Renderer\implementations\ReactFabric-dev.js)
  <anonymous> (node_modules\react-native\Libraries\Renderer\implementations\ReactFabric-dev.js)
  createChild (node_modules\react-native\Libraries\Renderer\implementations\ReactFabric-dev.js)
  <anonymous> (node_modules\react-native\Libraries\Renderer\implementations\ReactFabric-dev.js)
  updateSlot (node_modules\react-native\Libraries\Renderer\implementations\ReactFabric-dev.js)
  <anonymous> (node_modules\react-native\Libraries\Renderer\implementations\ReactFabric-dev.js)
  updateSlot (node_modules\react-native\Libraries\Renderer\implementations\ReactFabric-dev.js)
  <anonymous> (node_modules\react-native\Libraries\Renderer\implementations\ReactFabric-dev.js)
  placeSingleChild (node_modules\react-native\Libraries\Renderer\implementations\ReactFabric-dev.js)
  <anonymous> (node_modules\react-native\Libraries\Renderer\implementations\ReactFabric-dev.js)
  placeSingleChild (node_modules\react-native\Libraries\Renderer\implementations\ReactFabric-dev.js)
  <anonymous> (node_modules\react-native\Libraries\Renderer\implementations\ReactFabric-dev.js)
  placeSingleChild (node_modules\react-native\Libraries\Renderer\implementations\ReactFabric-dev.js)
  <anonymous> (node_modules\react-native\Libraries\Renderer\implementations\ReactFabric-dev.js)
  updateSlot (node_modules\react-native\Libraries\Renderer\implementations\ReactFabric-dev.js)
  <anonymous> (node_modules\react-native\Libraries\Renderer\implementations\ReactFabric-dev.js)
  updateSlot (node_modules\react-native\Libraries\Renderer\implementations\ReactFabric-dev.js)
  <anonymous> (node_modules\react-native\Libraries\Renderer\implementations\ReactFabric-dev.js)
  placeSingleChild (node_modules\react-native\Libraries\Renderer\implementations\ReactFabric-dev.js)
  <anonymous> (node_modules\react-native\Libraries\Renderer\implementations\ReactFabric-dev.js)
  updateSlot (node_modules\react-native\Libraries\Renderer\implementations\ReactFabric-dev.js)
  <anonymous> (node_modules\react-native\Libraries\Renderer\implementations\ReactFabric-dev.js)
  updateSlot (node_modules\react-native\Libraries\Renderer\implementations\ReactFabric-dev.js)
  <anonymous> (node_modules\react-native\Libraries\Renderer\implementations\ReactFabric-dev.js)
  updateSlot (node_modules\react-native\Libraries\Renderer\implementations\ReactFabric-dev.js)
  <anonymous> (node_modules\react-native\Libraries\Renderer\implementations\ReactFabric-dev.js)
  updateSlot (node_modules\react-native\Libraries\Renderer\implementations\ReactFabric-dev.js)
  <anonymous> (node_modules\react-native\Libraries\Renderer\implementations\ReactFabric-dev.js)
  placeSingleChild (node_modules\react-native\Libraries\Renderer\implementations\ReactFabric-dev.js)
  <anonymous> (node_modules\react-native\Libraries\Renderer\implementations\ReactFabric-dev.js)
  updateSlot (node_modules\react-native\Libraries\Renderer\implementations\ReactFabric-dev.js)
  <anonymous> (node_modules\react-native\Libraries\Renderer\implementations\ReactFabric-dev.js)
  placeSingleChild (node_modules\react-native\Libraries\Renderer\implementations\ReactFabric-dev.js)
  <anonymous> (node_modules\react-native\Libraries\Renderer\implementations\ReactFabric-dev.js)
  placeSingleChild (node_modules\react-native\Libraries\Renderer\implementations\ReactFabric-dev.js)
  <anonymous> (node_modules\react-native\Libraries\Renderer\implementations\ReactFabric-dev.js)
  placeSingleChild (node_modules\react-native\Libraries\Renderer\implementations\ReactFabric-dev.js)
  <anonymous> (node_modules\react-native\Libraries\Renderer\implementations\ReactFabric-dev.js)
  placeSingleChild (node_modules\react-native\Libraries\Renderer\implementations\ReactFabric-dev.js)
  <anonymous> (node_modules\react-native\Libraries\Renderer\implementations\ReactFabric-dev.js)
  createChild (node_modules\react-native\Libraries\Renderer\implementations\ReactFabric-dev.js)
  <anonymous> (node_modules\react-native\Libraries\Renderer\implementations\ReactFabric-dev.js)
  placeSingleChild (node_modules\react-native\Libraries\Renderer\implementations\ReactFabric-dev.js)
  <anonymous> (node_modules\react-native\Libraries\Renderer\implementations\ReactFabric-dev.js)
  createChild (node_modules\react-native\Libraries\Renderer\implementations\ReactFabric-dev.js)
  <anonymous> (node_modules\react-native\Libraries\Renderer\implementations\ReactFabric-dev.js)
  placeSingleChild (node_modules\react-native\Libraries\Renderer\implementations\ReactFabric-dev.js)
  <anonymous> (node_modules\react-native\Libraries\Renderer\implementations\ReactFabric-dev.js)
  updateSlot (node_modules\react-native\Libraries\Renderer\implementations\ReactFabric-dev.js)
  <anonymous> (node_modules\react-native\Libraries\Renderer\implementations\ReactFabric-dev.js)
  placeSingleChild (node_modules\react-native\Libraries\Renderer\implementations\ReactFabric-dev.js)
  <anonymous> (node_modules\react-native\Libraries\Renderer\implementations\ReactFabric-dev.js)
  updateSlot (node_modules\react-native\Libraries\Renderer\implementations\ReactFabric-dev.js)
  <anonymous> (node_modules\react-native\Libraries\Renderer\implementations\ReactFabric-dev.js)
  placeSingleChild (node_modules\react-native\Libraries\Renderer\implementations\ReactFabric-dev.js)
  <anonymous> (node_modules\react-native\Libraries\Renderer\implementations\ReactFabric-dev.js)
  updateElement (node_modules\react-native\Libraries\Renderer\implementations\ReactFabric-dev.js)
  beginWork (node_modules\react-native\Libraries\Renderer\implementations\ReactFabric-dev.js)
  beginWork (node_modules\react-native\Libraries\Renderer\implementations\ReactFabric-dev.js)
  finishClassComponent (node_modules\react-native\Libraries\Renderer\implementations\ReactFabric-dev.js)
  updateClassComponent (node_modules\react-native\Libraries\Renderer\implementations\ReactFabric-dev.js)
  <global> (node_modules\react-native\Libraries\Renderer\implementations\ReactFabric-dev.js)
  flushSyncWorkAcrossRoots_impl (http:\192.168.5.71:8083\node_modules\expo-router\entry.bundle)
  updateSuspenseComponent (node_modules\react-native\Libraries\Renderer\implementations\ReactFabric-dev.js)
  showErrorDialog (node_modules\react-native\Libraries\Core\ReactFiberErrorDialog.js)
  apply (<native>)
  <anonymous> (node_modules\react-devtools-core\dist\backend.js)
  failedRootsSnapshot.forEach$argument_0 (node_modules\react-refresh\cjs\react-refresh-runtime.development.js)
  forEach (<native>)
  performReactRefresh (node_modules\react-refresh\cjs\react-refresh-runtime.development.js)
  Event (node_modules\event-target-shim\dist\event-target-shim.mjs)
  setTimeout$argument_0 (node_modules\expo\node_modules\@expo\cli\build\metro-require\require.js) 

Call Stack
  CrudScreen (src\features\CrudScreen.tsx)
  FinanceDashboard (src\features\FinanceDashboard.tsx)
  FinanceRoute(./(tabs)/finance.tsx) (http:\192.168.5.71:8083\node_modules\expo-router\entry.bundle)
  BaseRoute (node_modules\expo-router\build\useScreens.js)
  SceneView (node_modules\@react-navigation\core\lib\module\SceneView.js)
  render (node_modules\@react-navigation\core\lib\module\useDescriptors.js)
  routes.reduce$argument_0 (node_modules\@react-navigation\core\lib\module\useDescriptors.js)
  reduce (<native>)
  useDescriptors (node_modules\@react-navigation\core\lib\module\useDescriptors.js)
  useNavigationBuilder (node_modules\@react-navigation\core\lib\module\useNavigationBuilder.js)
  BottomTabNavigator (http:\192.168.5.71:8083\node_modules\expo-router\entry.bundle)
  <global> (node_modules\expo-router\build\layouts\withLayoutContext.js)
  options.tabBarButton (node_modules\expo-router\build\layouts\TabsClient.js)
  TabLayout (app\(tabs)\_layout.tsx)
  BaseRoute (node_modules\expo-router\build\useScreens.js)
  SceneView (node_modules\@react-navigation\core\lib\module\SceneView.js)
  render (node_modules\@react-navigation\core\lib\module\useDescriptors.js)
  routes.reduce$argument_0 (node_modules\@react-navigation\core\lib\module\useDescriptors.js)
  reduce (<native>)
  useDescriptors (node_modules\@react-navigation\core\lib\module\useDescriptors.js)
  useNavigationBuilder (node_modules\@react-navigation\core\lib\module\useNavigationBuilder.js)
  <anonymous> (node_modules\expo-router\build\fork\native-stack\createNativeStackNavigator.js)
  <global> (node_modules\expo-router\build\layouts\withLayoutContext.js)
  filterSingular (node_modules\expo-router\build\layouts\StackClient.js)
  _this.renderBezierLine (node_modules\react-native-chart-kit\dist\line-chart\LineChart.js)
  BaseRoute (node_modules\expo-router\build\useScreens.js)
  SceneView (node_modules\@react-navigation\core\lib\module\SceneView.js)
  render (node_modules\@react-navigation\core\lib\module\useDescriptors.js)
  routes.reduce$argument_0 (node_modules\@react-navigation\core\lib\module\useDescriptors.js)
  reduce (<native>)
  useDescriptors (node_modules\@react-navigation\core\lib\module\useDescriptors.js)
  useNavigationBuilder (node_modules\@react-navigation\core\lib\module\useNavigationBuilder.js)
  ContextNavigator (node_modules\expo-router\build\ExpoRoot.js)
  ContextNavigator (node_modules\expo-router\build\ExpoRoot.js)
  ExpoRoot (node_modules\expo-router\build\ExpoRoot.js)
  Range#parseRange (node_modules\react-native-reanimated\node_modules\semver\classes\range.js)
  getAll (node_modules\whatwg-url-without-unicode\lib\URLSearchParams.js)
